Log file open, 11/16/21 00:17:18
LogWindows: Failed to load 'aqProf.dll' (GetLastError=126)
LogWindows: File 'aqProf.dll' does not exist
LogWindows: Failed to load 'VtuneApi.dll' (GetLastError=126)
LogWindows: File 'VtuneApi.dll' does not exist
LogWindows: Failed to load 'VtuneApi32e.dll' (GetLastError=126)
LogWindows: File 'VtuneApi32e.dll' does not exist
LogConsoleResponse: Display: Failed to find resolution value strings in scalability ini. Falling back to default.
LogConsoleResponse: Display: Failed to find resolution value strings in scalability ini. Falling back to default.
LogInit: Display: Running engine for game: StarRiteGame_V0
LogPlatformFile: Not using cached read wrapper
LogTaskGraph: Started task graph with 5 named threads and 35 total threads with 3 sets of task threads.
LogStats: Stats thread started at 0.266098
LogICUInternationalization: ICU TimeZone Detection - Raw Offset: +1:00, Platform Override: ''
LogInit: Display: Loading text-based GConfig....
LogPluginManager: Mounting plugin MeshPainting
LogPluginManager: Mounting plugin XGEController
LogPluginManager: Mounting plugin Paper2D
LogPluginManager: Mounting plugin AISupport
LogPluginManager: Mounting plugin LiveLink
LogPluginManager: Mounting plugin EnvironmentQueryEditor
LogPluginManager: Mounting plugin OodleData
LogPluginManager: Mounting plugin LightPropagationVolume
LogPluginManager: Mounting plugin CameraShakePreviewer
LogPluginManager: Mounting plugin OodleNetwork
LogPluginManager: Mounting plugin GameplayCameras
LogPluginManager: Mounting plugin DatasmithContent
LogPluginManager: Mounting plugin AssetManagerEditor
LogPluginManager: Mounting plugin AlembicImporter
LogPluginManager: Mounting plugin VariantManagerContent
LogPluginManager: Mounting plugin AutomationUtils
LogPluginManager: Mounting plugin BackChannel
LogPluginManager: Mounting plugin ChaosCloth
LogPluginManager: Mounting plugin ChaosClothEditor
LogPluginManager: Mounting plugin ChaosEditor
LogPluginManager: Mounting plugin ChaosNiagara
LogPluginManager: Mounting plugin ChaosSolverPlugin
LogPluginManager: Mounting plugin CharacterAI
LogPluginManager: Mounting plugin Niagara
LogPluginManager: Mounting plugin GeometryCache
LogPluginManager: Mounting plugin GeometryCollectionPlugin
LogPluginManager: Mounting plugin AnimationSharing
LogPluginManager: Mounting plugin CodeLiteSourceCodeAccess
LogPluginManager: Mounting plugin GeometryProcessing
LogPluginManager: Mounting plugin CLionSourceCodeAccess
LogPluginManager: Mounting plugin PerforceSourceControl
LogPluginManager: Mounting plugin GitSourceControl
LogPluginManager: Mounting plugin NullSourceCodeAccess
LogPluginManager: Mounting plugin KDevelopSourceCodeAccess
LogPluginManager: Mounting plugin PlasticSourceControl
LogPluginManager: Mounting plugin PluginUtils
LogPluginManager: Mounting plugin PropertyAccessNode
LogPluginManager: Mounting plugin RiderSourceCodeAccess
LogPluginManager: Mounting plugin SubversionSourceControl
LogPluginManager: Mounting plugin TextureFormatOodle
LogPluginManager: Mounting plugin PixWinPlugin
LogPluginManager: Mounting plugin CryptoKeys
LogPluginManager: Mounting plugin CurveEditorTools
LogPluginManager: Mounting plugin UObjectPlugin
LogPluginManager: Mounting plugin DataValidation
LogPluginManager: Mounting plugin FacialAnimation
LogPluginManager: Mounting plugin GameplayTagsEditor
LogPluginManager: Mounting plugin MacGraphicsSwitching
LogPluginManager: Mounting plugin GeometryMode
LogPluginManager: Mounting plugin MaterialAnalyzer
LogPluginManager: Mounting plugin MobileLauncherProfileWizard
LogPluginManager: Mounting plugin PluginBrowser
LogPluginManager: Mounting plugin VisualStudioCodeSourceCodeAccess
LogPluginManager: Mounting plugin VisualStudioSourceCodeAccess
LogPluginManager: Mounting plugin XCodeSourceCodeAccess
LogPluginManager: Mounting plugin SpeedTreeImporter
LogPluginManager: Mounting plugin MotoSynth
LogPluginManager: Mounting plugin OpenImageDenoise
LogPluginManager: Mounting plugin PlanarCut
LogPluginManager: Mounting plugin PlatformCrypto
LogPluginManager: Mounting plugin ProxyLODPlugin
LogPluginManager: Mounting plugin PythonScriptPlugin
LogPluginManager: Mounting plugin SkeletalReduction
LogPluginManager: Mounting plugin AndroidMedia
LogPluginManager: Mounting plugin LuminPlatformFeatures
LogPluginManager: Mounting plugin MagicLeap
LogPluginManager: Mounting plugin MagicLeapLightEstimation
LogPluginManager: Mounting plugin MagicLeapMedia
LogPluginManager: Mounting plugin MLSDK
LogPluginManager: Mounting plugin AvfMedia
LogPluginManager: Mounting plugin MagicLeapPassableWorld
LogPluginManager: Mounting plugin ImgMedia
LogPluginManager: Mounting plugin MediaCompositing
LogPluginManager: Mounting plugin WebMMedia
LogPluginManager: Mounting plugin WmfMedia
LogPluginManager: Mounting plugin LauncherChunkInstaller
LogPluginManager: Mounting plugin MediaPlayerEditor
LogPluginManager: Mounting plugin UdpMessaging
LogPluginManager: Mounting plugin TcpMessaging
LogPluginManager: Mounting plugin OnlineSubsystem
LogPluginManager: Mounting plugin OnlineSubsystemNull
LogPluginManager: Mounting plugin OnlineSubsystemUtils
LogPluginManager: Mounting plugin ActorLayerUtilities
LogPluginManager: Mounting plugin AndroidDeviceProfileSelector
LogPluginManager: Mounting plugin AndroidMoviePlayer
LogPluginManager: Mounting plugin AndroidPermission
LogPluginManager: Mounting plugin AppleImageUtils
LogPluginManager: Mounting plugin AppleMoviePlayer
LogPluginManager: Mounting plugin ArchVisCharacter
LogPluginManager: Mounting plugin AssetTags
LogPluginManager: Mounting plugin AudioCapture
LogPluginManager: Mounting plugin AudioSynesthesia
LogPluginManager: Mounting plugin CableComponent
LogPluginManager: Mounting plugin ChunkDownloader
LogPluginManager: Mounting plugin CustomMeshComponent
LogPluginManager: Mounting plugin EditableMesh
LogPluginManager: Mounting plugin ExampleDeviceProfileSelector
LogPluginManager: Mounting plugin GoogleCloudMessaging
LogPluginManager: Mounting plugin GooglePAD
LogPluginManager: Mounting plugin ScreenshotTools
LogPluginManager: Mounting plugin IOSDeviceProfileSelector
LogPluginManager: Mounting plugin LinuxDeviceProfileSelector
LogPluginManager: Mounting plugin ActorSequence
LogPluginManager: Mounting plugin LocationServicesBPLibrary
LogPluginManager: Mounting plugin MatineeToLevelSequence
LogPluginManager: Mounting plugin LevelSequenceEditor
LogPluginManager: Mounting plugin TemplateSequence
LogPluginManager: Mounting plugin MobilePatchingUtils
LogPluginManager: Mounting plugin OpenXR
LogPluginManager: Mounting plugin OpenXREyeTracker
LogPluginManager: Mounting plugin OpenXRHandTracking
LogPluginManager: Mounting plugin PhysXVehicles
LogPluginManager: Mounting plugin Takes
LogPluginManager: Mounting plugin PostSplashScreen
LogPluginManager: Mounting plugin ProceduralMeshComponent
LogPluginManager: Mounting plugin PropertyAccessEditor
LogPluginManager: Mounting plugin RuntimePhysXCooking
LogPluginManager: Mounting plugin SoundFields
LogPluginManager: Mounting plugin SignificanceManager
LogPluginManager: Mounting plugin Synthesis
LogPluginManager: Mounting plugin WebMMoviePlayer
LogPluginManager: Mounting plugin WindowsMoviePlayer
LogPluginManager: Mounting plugin ContentBrowserAssetDataSource
LogPluginManager: Mounting plugin ContentBrowserClassDataSource
LogPluginManager: Mounting plugin ContentBrowserFileDataSource
LogPluginManager: Mounting plugin OnlineSubsystemGooglePlay
LogPluginManager: Mounting plugin OnlineSubsystemIOS
LogPluginManager: Mounting plugin OculusVR
LogPluginManager: Mounting plugin SteamVR
PixWinPlugin: PIX capture plugin failed to initialize! Check that the process is launched from PIX.
LogInit: Using libcurl 7.55.1-DEV
LogInit:  - built for x86_64-pc-win32
LogInit:  - supports SSL with OpenSSL/1.1.1
LogInit:  - supports HTTP deflate (compression) using libz 1.2.8
LogInit:  - other features:
LogInit:      CURL_VERSION_SSL
LogInit:      CURL_VERSION_LIBZ
LogInit:      CURL_VERSION_IPV6
LogInit:      CURL_VERSION_ASYNCHDNS
LogInit:      CURL_VERSION_LARGEFILE
LogInit:      CURL_VERSION_IDN
LogInit:  CurlRequestOptions (configurable via config and command line):
LogInit:  - bVerifyPeer = true  - Libcurl will verify peer certificate
LogInit:  - bUseHttpProxy = false  - Libcurl will NOT use HTTP proxy
LogInit:  - bDontReuseConnections = false  - Libcurl will reuse connections
LogInit:  - MaxHostConnections = 16  - Libcurl will limit the number of connections to a host
LogInit:  - LocalHostAddr = Default
LogInit:  - BufferSize = 65536
LogOnline: OSS: Creating online subsystem instance for: NULL
LogInit: WinSock: version 1.1 (2.2), MaxSocks=32767, MaxUdp=65467
LogOnline: OSS: TryLoadSubsystemAndSetDefault: Loaded subsystem for module [NULL]
LogOculusPluginWrapper: OculusPlugin initialized successfully
LogHMD: Failed initializing OVRPlugin 1.59.0
LogInit: Build: ++UE4+Release-4.27-CL-17735300
LogInit: Engine Version: 4.27.1-17735300+++UE4+Release-4.27
LogInit: Compatible Engine Version: 4.27.0-17155196+++UE4+Release-4.27
LogInit: Net CL: 17155196
LogInit: OS: Windows 10 (Release 2009) (), CPU: Intel(R) Core(TM) i7-8750H CPU @ 2.20GHz, GPU: Intel(R) UHD Graphics 630
LogInit: Compiled (64-bit): Oct  6 2021 14:42:51
LogInit: Compiled with Visual C++: 19.24.28315.00
LogInit: Build Configuration: Development
LogInit: Branch Name: ++UE4+Release-4.27
LogInit: Command Line: 
LogInit: Base Directory: D:/EpicStoreLibrary/UE_4.27/Engine/Binaries/Win64/
LogInit: Allocator: TBB
LogInit: Installed Engine Build: 1
LogDevObjectVersion: Number of dev versions registered: 29
LogDevObjectVersion:   Dev-Blueprints (B0D832E4-1F89-4F0D-ACCF-7EB736FD4AA2): 10
LogDevObjectVersion:   Dev-Build (E1C64328-A22C-4D53-A36C-8E866417BD8C): 0
LogDevObjectVersion:   Dev-Core (375EC13C-06E4-48FB-B500-84F0262A717E): 4
LogDevObjectVersion:   Dev-Editor (E4B068ED-F494-42E9-A231-DA0B2E46BB41): 40
LogDevObjectVersion:   Dev-Framework (CFFC743F-43B0-4480-9391-14DF171D2073): 37
LogDevObjectVersion:   Dev-Mobile (B02B49B5-BB20-44E9-A304-32B752E40360): 3
LogDevObjectVersion:   Dev-Networking (A4E4105C-59A1-49B5-A7C5-40C4547EDFEE): 0
LogDevObjectVersion:   Dev-Online (39C831C9-5AE6-47DC-9A44-9C173E1C8E7C): 0
LogDevObjectVersion:   Dev-Physics (78F01B33-EBEA-4F98-B9B4-84EACCB95AA2): 14
LogDevObjectVersion:   Dev-Platform (6631380F-2D4D-43E0-8009-CF276956A95A): 0
LogDevObjectVersion:   Dev-Rendering (12F88B9F-8875-4AFC-A67C-D90C383ABD29): 45
LogDevObjectVersion:   Dev-Sequencer (7B5AE74C-D270-4C10-A958-57980B212A5A): 13
LogDevObjectVersion:   Dev-VR (D7296918-1DD6-4BDD-9DE2-64A83CC13884): 3
LogDevObjectVersion:   Dev-LoadTimes (C2A15278-BFE7-4AFE-6C17-90FF531DF755): 1
LogDevObjectVersion:   Private-Geometry (6EACA3D4-40EC-4CC1-B786-8BED09428FC5): 3
LogDevObjectVersion:   Dev-AnimPhys (29E575DD-E0A3-4627-9D10-D276232CDCEA): 17
LogDevObjectVersion:   Dev-Anim (AF43A65D-7FD3-4947-9873-3E8ED9C1BB05): 15
LogDevObjectVersion:   Dev-ReflectionCapture (6B266CEC-1EC7-4B8F-A30B-E4D90942FC07): 1
LogDevObjectVersion:   Dev-Automation (0DF73D61-A23F-47EA-B727-89E90C41499A): 1
LogDevObjectVersion:   FortniteMain (601D1886-AC64-4F84-AA16-D3DE0DEAC7D6): 47
LogDevObjectVersion:   FortniteRelease (E7086368-6B23-4C58-8439-1B7016265E91): 1
LogDevObjectVersion:   Dev-Enterprise (9DFFBCD6-494F-0158-E221-12823C92A888): 10
LogDevObjectVersion:   Dev-Niagara (F2AED0AC-9AFE-416F-8664-AA7FFA26D6FC): 1
LogDevObjectVersion:   Dev-Destruction (174F1F0B-B4C6-45A5-B13F-2EE8D0FB917D): 10
LogDevObjectVersion:   Dev-Physics-Ext (35F94A83-E258-406C-A318-09F59610247C): 41
LogDevObjectVersion:   Dev-PhysicsMaterial-Chaos (B68FC16E-8B1B-42E2-B453-215C058844FE): 1
LogDevObjectVersion:   Dev-CineCamera (B2E18506-4273-CFC2-A54E-F4BB758BBA07): 1
LogDevObjectVersion:   Dev-VirtualProduction (64F58936-FD1B-42BA-BA96-7289D5D0FA4E): 1
LogDevObjectVersion:   Dev-MediaFramework (6F0ED827-A609-4895-9C91-998D90180EA4): 2
LogInit: Presizing for max 25165824 objects, including 0 objects not considered by GC, pre-allocating 0 bytes for permanent pool.
LogConfig: Applying CVar settings from Section [/Script/Engine.StreamingSettings] File [D:/_Game_projects/Unreal/HeritageGJ2021/StarRiteGame_V0/Saved/Config/Windows/Engine.ini]
LogConfig: Setting CVar [[s.MinBulkDataSizeForAsyncLoading:131072]]
LogConfig: Setting CVar [[s.AsyncLoadingThreadEnabled:0]]
LogConfig: Setting CVar [[s.EventDrivenLoaderEnabled:1]]
LogConfig: Setting CVar [[s.WarnIfTimeLimitExceeded:0]]
LogConfig: Setting CVar [[s.TimeLimitExceededMultiplier:1.5]]
LogConfig: Setting CVar [[s.TimeLimitExceededMinTime:0.005]]
LogConfig: Setting CVar [[s.UseBackgroundLevelStreaming:1]]
LogConfig: Setting CVar [[s.PriorityAsyncLoadingExtraTime:15.0]]
LogConfig: Setting CVar [[s.LevelStreamingActorsUpdateTimeLimit:5.0]]
LogConfig: Setting CVar [[s.PriorityLevelStreamingActorsUpdateExtraTime:5.0]]
LogConfig: Setting CVar [[s.LevelStreamingComponentsRegistrationGranularity:10]]
LogConfig: Setting CVar [[s.UnregisterComponentsTimeLimit:1.0]]
LogConfig: Setting CVar [[s.LevelStreamingComponentsUnregistrationGranularity:5]]
LogConfig: Setting CVar [[s.FlushStreamingOnExit:1]]
LogInit: Object subsystem initialized
LogConfig: Setting CVar [[con.DebugEarlyDefault:1]]
LogConfig: Setting CVar [[r.setres:1280x720]]
[2021.11.15-23.17.19:465][  0]LogConfig: Setting CVar [[r.VSync:0]]
[2021.11.15-23.17.19:465][  0]LogConfig: Setting CVar [[r.RHICmdBypass:0]]
[2021.11.15-23.17.19:465][  0]LogConfig: Applying CVar settings from Section [/Script/Engine.RendererSettings] File [D:/_Game_projects/Unreal/HeritageGJ2021/StarRiteGame_V0/Saved/Config/Windows/Engine.ini]
[2021.11.15-23.17.19:466][  0]LogConfig: Setting CVar [[r.GPUCrashDebugging:0]]
[2021.11.15-23.17.19:466][  0]LogConfig: Applying CVar settings from Section [/Script/Engine.RendererOverrideSettings] File [D:/_Game_projects/Unreal/HeritageGJ2021/StarRiteGame_V0/Saved/Config/Windows/Engine.ini]
[2021.11.15-23.17.19:466][  0]LogConfig: Applying CVar settings from Section [/Script/Engine.StreamingSettings] File [D:/_Game_projects/Unreal/HeritageGJ2021/StarRiteGame_V0/Saved/Config/Windows/Engine.ini]
[2021.11.15-23.17.19:466][  0]LogConfig: Setting CVar [[s.MinBulkDataSizeForAsyncLoading:131072]]
[2021.11.15-23.17.19:466][  0]LogConfig: Setting CVar [[s.AsyncLoadingThreadEnabled:0]]
[2021.11.15-23.17.19:466][  0]LogConfig: Setting CVar [[s.EventDrivenLoaderEnabled:1]]
[2021.11.15-23.17.19:466][  0]LogConfig: Setting CVar [[s.WarnIfTimeLimitExceeded:0]]
[2021.11.15-23.17.19:466][  0]LogConfig: Setting CVar [[s.TimeLimitExceededMultiplier:1.5]]
[2021.11.15-23.17.19:466][  0]LogConfig: Setting CVar [[s.TimeLimitExceededMinTime:0.005]]
[2021.11.15-23.17.19:466][  0]LogConfig: Setting CVar [[s.UseBackgroundLevelStreaming:1]]
[2021.11.15-23.17.19:466][  0]LogConfig: Setting CVar [[s.PriorityAsyncLoadingExtraTime:15.0]]
[2021.11.15-23.17.19:466][  0]LogConfig: Setting CVar [[s.LevelStreamingActorsUpdateTimeLimit:5.0]]
[2021.11.15-23.17.19:466][  0]LogConfig: Setting CVar [[s.PriorityLevelStreamingActorsUpdateExtraTime:5.0]]
[2021.11.15-23.17.19:466][  0]LogConfig: Setting CVar [[s.LevelStreamingComponentsRegistrationGranularity:10]]
[2021.11.15-23.17.19:466][  0]LogConfig: Setting CVar [[s.UnregisterComponentsTimeLimit:1.0]]
[2021.11.15-23.17.19:466][  0]LogConfig: Setting CVar [[s.LevelStreamingComponentsUnregistrationGranularity:5]]
[2021.11.15-23.17.19:466][  0]LogConfig: Setting CVar [[s.FlushStreamingOnExit:1]]
[2021.11.15-23.17.19:466][  0]LogConfig: Applying CVar settings from Section [/Script/Engine.GarbageCollectionSettings] File [D:/_Game_projects/Unreal/HeritageGJ2021/StarRiteGame_V0/Saved/Config/Windows/Engine.ini]
[2021.11.15-23.17.19:466][  0]LogConfig: Setting CVar [[gc.MaxObjectsNotConsideredByGC:1]]
[2021.11.15-23.17.19:466][  0]LogConfig: Setting CVar [[gc.SizeOfPermanentObjectPool:0]]
[2021.11.15-23.17.19:466][  0]LogConfig: Setting CVar [[gc.FlushStreamingOnGC:0]]
[2021.11.15-23.17.19:466][  0]LogConfig: Setting CVar [[gc.NumRetriesBeforeForcingGC:10]]
[2021.11.15-23.17.19:466][  0]LogConfig: Setting CVar [[gc.AllowParallelGC:1]]
[2021.11.15-23.17.19:466][  0]LogConfig: Setting CVar [[gc.TimeBetweenPurgingPendingKillObjects:61.1]]
[2021.11.15-23.17.19:466][  0]LogConfig: Setting CVar [[gc.MaxObjectsInEditor:25165824]]
[2021.11.15-23.17.19:466][  0]LogConfig: Setting CVar [[gc.IncrementalBeginDestroyEnabled:1]]
[2021.11.15-23.17.19:466][  0]LogConfig: Setting CVar [[gc.CreateGCClusters:1]]
[2021.11.15-23.17.19:466][  0]LogConfig: Setting CVar [[gc.MinGCClusterSize:5]]
[2021.11.15-23.17.19:466][  0]LogConfig: Setting CVar [[gc.ActorClusteringEnabled:0]]
[2021.11.15-23.17.19:466][  0]LogConfig: Setting CVar [[gc.BlueprintClusteringEnabled:0]]
[2021.11.15-23.17.19:466][  0]LogConfig: Setting CVar [[gc.UseDisregardForGCOnDedicatedServers:0]]
[2021.11.15-23.17.19:466][  0]LogConfig: Setting CVar [[gc.MultithreadedDestructionEnabled:1]]
[2021.11.15-23.17.19:466][  0]LogConfig: Applying CVar settings from Section [/Script/Engine.NetworkSettings] File [D:/_Game_projects/Unreal/HeritageGJ2021/StarRiteGame_V0/Saved/Config/Windows/Engine.ini]
[2021.11.15-23.17.19:466][  0]LogConfig: Applying CVar settings from Section [/Script/UnrealEd.CookerSettings] File [D:/_Game_projects/Unreal/HeritageGJ2021/StarRiteGame_V0/Saved/Config/Windows/Engine.ini]
[2021.11.15-23.17.19:473][  0]LogConfig: Applying CVar settings from Section [ViewDistanceQuality@3] File [D:/_Game_projects/Unreal/HeritageGJ2021/StarRiteGame_V0/Saved/Config/Windows/Scalability.ini]
[2021.11.15-23.17.19:473][  0]LogConfig: Setting CVar [[r.SkeletalMeshLODBias:0]]
[2021.11.15-23.17.19:473][  0]LogConfig: Setting CVar [[r.ViewDistanceScale:1.0]]
[2021.11.15-23.17.19:473][  0]LogConfig: Applying CVar settings from Section [AntiAliasingQuality@3] File [D:/_Game_projects/Unreal/HeritageGJ2021/StarRiteGame_V0/Saved/Config/Windows/Scalability.ini]
[2021.11.15-23.17.19:473][  0]LogConfig: Setting CVar [[r.PostProcessAAQuality:4]]
[2021.11.15-23.17.19:473][  0]LogConfig: Applying CVar settings from Section [ShadowQuality@3] File [D:/_Game_projects/Unreal/HeritageGJ2021/StarRiteGame_V0/Saved/Config/Windows/Scalability.ini]
[2021.11.15-23.17.19:473][  0]LogConfig: Setting CVar [[r.LightFunctionQuality:1]]
[2021.11.15-23.17.19:473][  0]LogConfig: Setting CVar [[r.ShadowQuality:5]]
[2021.11.15-23.17.19:473][  0]LogConfig: Setting CVar [[r.Shadow.CSM.MaxCascades:10]]
[2021.11.15-23.17.19:473][  0]LogConfig: Setting CVar [[r.Shadow.MaxResolution:2048]]
[2021.11.15-23.17.19:473][  0]LogConfig: Setting CVar [[r.Shadow.MaxCSMResolution:2048]]
[2021.11.15-23.17.19:473][  0]LogConfig: Setting CVar [[r.Shadow.RadiusThreshold:0.01]]
[2021.11.15-23.17.19:473][  0]LogConfig: Setting CVar [[r.Shadow.DistanceScale:1.0]]
[2021.11.15-23.17.19:473][  0]LogConfig: Setting CVar [[r.Shadow.CSM.TransitionScale:1.0]]
[2021.11.15-23.17.19:473][  0]LogConfig: Setting CVar [[r.Shadow.PreShadowResolutionFactor:1.0]]
[2021.11.15-23.17.19:473][  0]LogConfig: Setting CVar [[r.DistanceFieldShadowing:1]]
[2021.11.15-23.17.19:473][  0]LogConfig: Setting CVar [[r.DistanceFieldAO:1]]
[2021.11.15-23.17.19:473][  0]LogConfig: Setting CVar [[r.AOQuality:2]]
[2021.11.15-23.17.19:473][  0]LogConfig: Setting CVar [[r.VolumetricFog:1]]
[2021.11.15-23.17.19:473][  0]LogConfig: Setting CVar [[r.VolumetricFog.GridPixelSize:8]]
[2021.11.15-23.17.19:473][  0]LogConfig: Setting CVar [[r.VolumetricFog.GridSizeZ:128]]
[2021.11.15-23.17.19:473][  0]LogConfig: Setting CVar [[r.VolumetricFog.HistoryMissSupersampleCount:4]]
[2021.11.15-23.17.19:473][  0]LogConfig: Setting CVar [[r.LightMaxDrawDistanceScale:1]]
[2021.11.15-23.17.19:473][  0]LogConfig: Setting CVar [[r.CapsuleShadows:1]]
[2021.11.15-23.17.19:473][  0]LogConfig: Applying CVar settings from Section [PostProcessQuality@3] File [D:/_Game_projects/Unreal/HeritageGJ2021/StarRiteGame_V0/Saved/Config/Windows/Scalability.ini]
[2021.11.15-23.17.19:473][  0]LogConfig: Setting CVar [[r.MotionBlurQuality:4]]
[2021.11.15-23.17.19:473][  0]LogConfig: Setting CVar [[r.AmbientOcclusionMipLevelFactor:0.4]]
[2021.11.15-23.17.19:473][  0]LogConfig: Setting CVar [[r.AmbientOcclusionMaxQuality:100]]
[2021.11.15-23.17.19:473][  0]LogConfig: Setting CVar [[r.AmbientOcclusionLevels:-1]]
[2021.11.15-23.17.19:474][  0]LogConfig: Setting CVar [[r.AmbientOcclusionRadiusScale:1.0]]
[2021.11.15-23.17.19:474][  0]LogConfig: Setting CVar [[r.DepthOfFieldQuality:2]]
[2021.11.15-23.17.19:474][  0]LogConfig: Setting CVar [[r.RenderTargetPoolMin:400]]
[2021.11.15-23.17.19:474][  0]LogConfig: Setting CVar [[r.LensFlareQuality:2]]
[2021.11.15-23.17.19:474][  0]LogConfig: Setting CVar [[r.SceneColorFringeQuality:1]]
[2021.11.15-23.17.19:474][  0]LogConfig: Setting CVar [[r.EyeAdaptationQuality:2]]
[2021.11.15-23.17.19:474][  0]LogConfig: Setting CVar [[r.BloomQuality:5]]
[2021.11.15-23.17.19:474][  0]LogConfig: Setting CVar [[r.FastBlurThreshold:100]]
[2021.11.15-23.17.19:474][  0]LogConfig: Setting CVar [[r.Upscale.Quality:3]]
[2021.11.15-23.17.19:474][  0]LogConfig: Setting CVar [[r.Tonemapper.GrainQuantization:1]]
[2021.11.15-23.17.19:474][  0]LogConfig: Setting CVar [[r.LightShaftQuality:1]]
[2021.11.15-23.17.19:474][  0]LogConfig: Setting CVar [[r.Filter.SizeScale:1]]
[2021.11.15-23.17.19:474][  0]LogConfig: Setting CVar [[r.Tonemapper.Quality:5]]
[2021.11.15-23.17.19:474][  0]LogConfig: Setting CVar [[r.DOF.Gather.AccumulatorQuality:1        ; higher gathering accumulator quality]]
[2021.11.15-23.17.19:474][  0]LogConfig: Setting CVar [[r.DOF.Gather.PostfilterMethod:1          ; Median3x3 postfilering method]]
[2021.11.15-23.17.19:474][  0]LogConfig: Setting CVar [[r.DOF.Gather.EnableBokehSettings:0       ; no bokeh simulation when gathering]]
[2021.11.15-23.17.19:474][  0]LogConfig: Setting CVar [[r.DOF.Gather.RingCount:4                 ; medium number of samples when gathering]]
[2021.11.15-23.17.19:474][  0]LogConfig: Setting CVar [[r.DOF.Scatter.ForegroundCompositing:1    ; additive foreground scattering]]
[2021.11.15-23.17.19:474][  0]LogConfig: Setting CVar [[r.DOF.Scatter.BackgroundCompositing:2    ; additive background scattering]]
[2021.11.15-23.17.19:474][  0]LogConfig: Setting CVar [[r.DOF.Scatter.EnableBokehSettings:1      ; bokeh simulation when scattering]]
[2021.11.15-23.17.19:474][  0]LogConfig: Setting CVar [[r.DOF.Scatter.MaxSpriteRatio:0.1         ; only a maximum of 10% of scattered bokeh]]
[2021.11.15-23.17.19:474][  0]LogConfig: Setting CVar [[r.DOF.Recombine.Quality:1                ; cheap slight out of focus]]
[2021.11.15-23.17.19:474][  0]LogConfig: Setting CVar [[r.DOF.Recombine.EnableBokehSettings:0    ; no bokeh simulation on slight out of focus]]
[2021.11.15-23.17.19:474][  0]LogConfig: Setting CVar [[r.DOF.TemporalAAQuality:1                ; more stable temporal accumulation]]
[2021.11.15-23.17.19:474][  0]LogConfig: Setting CVar [[r.DOF.Kernel.MaxForegroundRadius:0.025]]
[2021.11.15-23.17.19:474][  0]LogConfig: Setting CVar [[r.DOF.Kernel.MaxBackgroundRadius:0.025]]
[2021.11.15-23.17.19:474][  0]LogConfig: Applying CVar settings from Section [TextureQuality@3] File [D:/_Game_projects/Unreal/HeritageGJ2021/StarRiteGame_V0/Saved/Config/Windows/Scalability.ini]
[2021.11.15-23.17.19:474][  0]LogConfig: Setting CVar [[r.Streaming.MipBias:0]]
[2021.11.15-23.17.19:474][  0]LogConfig: Setting CVar [[r.Streaming.AmortizeCPUToGPUCopy:0]]
[2021.11.15-23.17.19:474][  0]LogConfig: Setting CVar [[r.Streaming.MaxNumTexturesToStreamPerFrame:0]]
[2021.11.15-23.17.19:474][  0]LogConfig: Setting CVar [[r.Streaming.Boost:1]]
[2021.11.15-23.17.19:474][  0]LogConfig: Setting CVar [[r.MaxAnisotropy:8]]
[2021.11.15-23.17.19:474][  0]LogConfig: Setting CVar [[r.VT.MaxAnisotropy:8]]
[2021.11.15-23.17.19:474][  0]LogConfig: Setting CVar [[r.Streaming.LimitPoolSizeToVRAM:0]]
[2021.11.15-23.17.19:474][  0]LogConfig: Setting CVar [[r.Streaming.PoolSize:1000]]
[2021.11.15-23.17.19:474][  0]LogConfig: Setting CVar [[r.Streaming.MaxEffectiveScreenSize:0]]
[2021.11.15-23.17.19:474][  0]LogConfig: Applying CVar settings from Section [EffectsQuality@3] File [D:/_Game_projects/Unreal/HeritageGJ2021/StarRiteGame_V0/Saved/Config/Windows/Scalability.ini]
[2021.11.15-23.17.19:474][  0]LogConfig: Setting CVar [[r.TranslucencyLightingVolumeDim:64]]
[2021.11.15-23.17.19:474][  0]LogConfig: Setting CVar [[r.RefractionQuality:2]]
[2021.11.15-23.17.19:474][  0]LogConfig: Setting CVar [[r.SSR.Quality:3]]
[2021.11.15-23.17.19:474][  0]LogConfig: Setting CVar [[r.SSR.HalfResSceneColor:0]]
[2021.11.15-23.17.19:474][  0]LogConfig: Setting CVar [[r.SceneColorFormat:4]]
[2021.11.15-23.17.19:474][  0]LogConfig: Setting CVar [[r.DetailMode:2]]
[2021.11.15-23.17.19:474][  0]LogConfig: Setting CVar [[r.TranslucencyVolumeBlur:1]]
[2021.11.15-23.17.19:474][  0]LogConfig: Setting CVar [[r.MaterialQualityLevel:1 ; High quality]]
[2021.11.15-23.17.19:474][  0]LogConfig: Setting CVar [[r.AnisotropicMaterials:1]]
[2021.11.15-23.17.19:474][  0]LogConfig: Setting CVar [[r.SSS.Scale:1]]
[2021.11.15-23.17.19:474][  0]LogConfig: Setting CVar [[r.SSS.SampleSet:2]]
[2021.11.15-23.17.19:474][  0]LogConfig: Setting CVar [[r.SSS.Quality:1]]
[2021.11.15-23.17.19:474][  0]LogConfig: Setting CVar [[r.SSS.HalfRes:0]]
[2021.11.15-23.17.19:474][  0]LogConfig: Setting CVar [[r.SSGI.Quality:3]]
[2021.11.15-23.17.19:474][  0]LogConfig: Setting CVar [[r.EmitterSpawnRateScale:1.0]]
[2021.11.15-23.17.19:474][  0]LogConfig: Setting CVar [[r.ParticleLightQuality:2]]
[2021.11.15-23.17.19:474][  0]LogConfig: Setting CVar [[r.SkyAtmosphere.AerialPerspectiveLUT.FastApplyOnOpaque:1 ; Always have FastSkyLUT 1 in this case to avoid wrong sky]]
[2021.11.15-23.17.19:474][  0]LogConfig: Setting CVar [[r.SkyAtmosphere.AerialPerspectiveLUT.SampleCountMaxPerSlice:4]]
[2021.11.15-23.17.19:474][  0]LogConfig: Setting CVar [[r.SkyAtmosphere.AerialPerspectiveLUT.DepthResolution:16.0]]
[2021.11.15-23.17.19:474][  0]LogConfig: Setting CVar [[r.SkyAtmosphere.FastSkyLUT:1]]
[2021.11.15-23.17.19:474][  0]LogConfig: Setting CVar [[r.SkyAtmosphere.FastSkyLUT.SampleCountMin:4.0]]
[2021.11.15-23.17.19:474][  0]LogConfig: Setting CVar [[r.SkyAtmosphere.FastSkyLUT.SampleCountMax:128.0]]
[2021.11.15-23.17.19:475][  0]LogConfig: Setting CVar [[r.SkyAtmosphere.SampleCountMin:4.0]]
[2021.11.15-23.17.19:475][  0]LogConfig: Setting CVar [[r.SkyAtmosphere.SampleCountMax:128.0]]
[2021.11.15-23.17.19:475][  0]LogConfig: Setting CVar [[r.SkyAtmosphere.TransmittanceLUT.UseSmallFormat:0]]
[2021.11.15-23.17.19:475][  0]LogConfig: Setting CVar [[r.SkyAtmosphere.TransmittanceLUT.SampleCount:10.0]]
[2021.11.15-23.17.19:475][  0]LogConfig: Setting CVar [[r.SkyAtmosphere.MultiScatteringLUT.SampleCount:15.0]]
[2021.11.15-23.17.19:475][  0]LogConfig: Setting CVar [[r.SkyLight.RealTimeReflectionCapture:1]]
[2021.11.15-23.17.19:475][  0]LogConfig: Applying CVar settings from Section [FoliageQuality@3] File [D:/_Game_projects/Unreal/HeritageGJ2021/StarRiteGame_V0/Saved/Config/Windows/Scalability.ini]
[2021.11.15-23.17.19:475][  0]LogConfig: Setting CVar [[foliage.DensityScale:1.0]]
[2021.11.15-23.17.19:475][  0]LogConfig: Setting CVar [[grass.DensityScale:1.0]]
[2021.11.15-23.17.19:475][  0]LogConfig: Applying CVar settings from Section [ShadingQuality@3] File [D:/_Game_projects/Unreal/HeritageGJ2021/StarRiteGame_V0/Saved/Config/Windows/Scalability.ini]
[2021.11.15-23.17.19:475][  0]LogConfig: Setting CVar [[r.HairStrands.SkyLighting.IntegrationType:2]]
[2021.11.15-23.17.19:475][  0]LogConfig: Setting CVar [[r.HairStrands.SkyAO.SampleCount:4]]
[2021.11.15-23.17.19:475][  0]LogConfig: Setting CVar [[r.HairStrands.Visibility.MSAA.SamplePerPixel:4]]
[2021.11.15-23.17.19:475][  0]LogInit: Selected Device Profile: [Windows]
[2021.11.15-23.17.19:475][  0]LogInit: Applying CVar settings loaded from the selected device profile: [Windows]
[2021.11.15-23.17.19:475][  0]LogHAL: Display: Platform has ~ 16 GB [17018535936 / 17179869184 / 16], which maps to Larger [LargestMinGB=32, LargerMinGB=12, DefaultMinGB=8, SmallerMinGB=6, SmallestMinGB=0)
[2021.11.15-23.17.19:475][  0]LogInit: Going up to parent DeviceProfile []
[2021.11.15-23.17.19:475][  0]LogConfig: Applying CVar settings from Section [ViewDistanceQuality@3] File [D:/_Game_projects/Unreal/HeritageGJ2021/StarRiteGame_V0/Saved/Config/Windows/Scalability.ini]
[2021.11.15-23.17.19:475][  0]LogConfig: Setting CVar [[r.SkeletalMeshLODBias:0]]
[2021.11.15-23.17.19:475][  0]LogConfig: Setting CVar [[r.ViewDistanceScale:1.0]]
[2021.11.15-23.17.19:475][  0]LogConfig: Applying CVar settings from Section [AntiAliasingQuality@3] File [D:/_Game_projects/Unreal/HeritageGJ2021/StarRiteGame_V0/Saved/Config/Windows/Scalability.ini]
[2021.11.15-23.17.19:475][  0]LogConfig: Setting CVar [[r.PostProcessAAQuality:4]]
[2021.11.15-23.17.19:475][  0]LogConfig: Applying CVar settings from Section [ShadowQuality@3] File [D:/_Game_projects/Unreal/HeritageGJ2021/StarRiteGame_V0/Saved/Config/Windows/Scalability.ini]
[2021.11.15-23.17.19:475][  0]LogConfig: Setting CVar [[r.LightFunctionQuality:1]]
[2021.11.15-23.17.19:475][  0]LogConfig: Setting CVar [[r.ShadowQuality:5]]
[2021.11.15-23.17.19:475][  0]LogConfig: Setting CVar [[r.Shadow.CSM.MaxCascades:10]]
[2021.11.15-23.17.19:475][  0]LogConfig: Setting CVar [[r.Shadow.MaxResolution:2048]]
[2021.11.15-23.17.19:475][  0]LogConfig: Setting CVar [[r.Shadow.MaxCSMResolution:2048]]
[2021.11.15-23.17.19:475][  0]LogConfig: Setting CVar [[r.Shadow.RadiusThreshold:0.01]]
[2021.11.15-23.17.19:475][  0]LogConfig: Setting CVar [[r.Shadow.DistanceScale:1.0]]
[2021.11.15-23.17.19:475][  0]LogConfig: Setting CVar [[r.Shadow.CSM.TransitionScale:1.0]]
[2021.11.15-23.17.19:475][  0]LogConfig: Setting CVar [[r.Shadow.PreShadowResolutionFactor:1.0]]
[2021.11.15-23.17.19:475][  0]LogConfig: Setting CVar [[r.DistanceFieldShadowing:1]]
[2021.11.15-23.17.19:475][  0]LogConfig: Setting CVar [[r.DistanceFieldAO:1]]
[2021.11.15-23.17.19:475][  0]LogConfig: Setting CVar [[r.AOQuality:2]]
[2021.11.15-23.17.19:475][  0]LogConfig: Setting CVar [[r.VolumetricFog:1]]
[2021.11.15-23.17.19:475][  0]LogConfig: Setting CVar [[r.VolumetricFog.GridPixelSize:8]]
[2021.11.15-23.17.19:475][  0]LogConfig: Setting CVar [[r.VolumetricFog.GridSizeZ:128]]
[2021.11.15-23.17.19:475][  0]LogConfig: Setting CVar [[r.VolumetricFog.HistoryMissSupersampleCount:4]]
[2021.11.15-23.17.19:475][  0]LogConfig: Setting CVar [[r.LightMaxDrawDistanceScale:1]]
[2021.11.15-23.17.19:475][  0]LogConfig: Setting CVar [[r.CapsuleShadows:1]]
[2021.11.15-23.17.19:475][  0]LogConfig: Applying CVar settings from Section [PostProcessQuality@3] File [D:/_Game_projects/Unreal/HeritageGJ2021/StarRiteGame_V0/Saved/Config/Windows/Scalability.ini]
[2021.11.15-23.17.19:475][  0]LogConfig: Setting CVar [[r.MotionBlurQuality:4]]
[2021.11.15-23.17.19:475][  0]LogConfig: Setting CVar [[r.AmbientOcclusionMipLevelFactor:0.4]]
[2021.11.15-23.17.19:475][  0]LogConfig: Setting CVar [[r.AmbientOcclusionMaxQuality:100]]
[2021.11.15-23.17.19:475][  0]LogConfig: Setting CVar [[r.AmbientOcclusionLevels:-1]]
[2021.11.15-23.17.19:475][  0]LogConfig: Setting CVar [[r.AmbientOcclusionRadiusScale:1.0]]
[2021.11.15-23.17.19:475][  0]LogConfig: Setting CVar [[r.DepthOfFieldQuality:2]]
[2021.11.15-23.17.19:475][  0]LogConfig: Setting CVar [[r.RenderTargetPoolMin:400]]
[2021.11.15-23.17.19:475][  0]LogConfig: Setting CVar [[r.LensFlareQuality:2]]
[2021.11.15-23.17.19:475][  0]LogConfig: Setting CVar [[r.SceneColorFringeQuality:1]]
[2021.11.15-23.17.19:475][  0]LogConfig: Setting CVar [[r.EyeAdaptationQuality:2]]
[2021.11.15-23.17.19:475][  0]LogConfig: Setting CVar [[r.BloomQuality:5]]
[2021.11.15-23.17.19:475][  0]LogConfig: Setting CVar [[r.FastBlurThreshold:100]]
[2021.11.15-23.17.19:475][  0]LogConfig: Setting CVar [[r.Upscale.Quality:3]]
[2021.11.15-23.17.19:475][  0]LogConfig: Setting CVar [[r.Tonemapper.GrainQuantization:1]]
[2021.11.15-23.17.19:476][  0]LogConfig: Setting CVar [[r.LightShaftQuality:1]]
[2021.11.15-23.17.19:476][  0]LogConfig: Setting CVar [[r.Filter.SizeScale:1]]
[2021.11.15-23.17.19:476][  0]LogConfig: Setting CVar [[r.Tonemapper.Quality:5]]
[2021.11.15-23.17.19:476][  0]LogConfig: Setting CVar [[r.DOF.Gather.AccumulatorQuality:1        ; higher gathering accumulator quality]]
[2021.11.15-23.17.19:476][  0]LogConfig: Setting CVar [[r.DOF.Gather.PostfilterMethod:1          ; Median3x3 postfilering method]]
[2021.11.15-23.17.19:476][  0]LogConfig: Setting CVar [[r.DOF.Gather.EnableBokehSettings:0       ; no bokeh simulation when gathering]]
[2021.11.15-23.17.19:476][  0]LogConfig: Setting CVar [[r.DOF.Gather.RingCount:4                 ; medium number of samples when gathering]]
[2021.11.15-23.17.19:476][  0]LogConfig: Setting CVar [[r.DOF.Scatter.ForegroundCompositing:1    ; additive foreground scattering]]
[2021.11.15-23.17.19:476][  0]LogConfig: Setting CVar [[r.DOF.Scatter.BackgroundCompositing:2    ; additive background scattering]]
[2021.11.15-23.17.19:476][  0]LogConfig: Setting CVar [[r.DOF.Scatter.EnableBokehSettings:1      ; bokeh simulation when scattering]]
[2021.11.15-23.17.19:476][  0]LogConfig: Setting CVar [[r.DOF.Scatter.MaxSpriteRatio:0.1         ; only a maximum of 10% of scattered bokeh]]
[2021.11.15-23.17.19:476][  0]LogConfig: Setting CVar [[r.DOF.Recombine.Quality:1                ; cheap slight out of focus]]
[2021.11.15-23.17.19:476][  0]LogConfig: Setting CVar [[r.DOF.Recombine.EnableBokehSettings:0    ; no bokeh simulation on slight out of focus]]
[2021.11.15-23.17.19:476][  0]LogConfig: Setting CVar [[r.DOF.TemporalAAQuality:1                ; more stable temporal accumulation]]
[2021.11.15-23.17.19:476][  0]LogConfig: Setting CVar [[r.DOF.Kernel.MaxForegroundRadius:0.025]]
[2021.11.15-23.17.19:476][  0]LogConfig: Setting CVar [[r.DOF.Kernel.MaxBackgroundRadius:0.025]]
[2021.11.15-23.17.19:476][  0]LogConfig: Applying CVar settings from Section [TextureQuality@3] File [D:/_Game_projects/Unreal/HeritageGJ2021/StarRiteGame_V0/Saved/Config/Windows/Scalability.ini]
[2021.11.15-23.17.19:476][  0]LogConfig: Setting CVar [[r.Streaming.MipBias:0]]
[2021.11.15-23.17.19:476][  0]LogConfig: Setting CVar [[r.Streaming.AmortizeCPUToGPUCopy:0]]
[2021.11.15-23.17.19:476][  0]LogConfig: Setting CVar [[r.Streaming.MaxNumTexturesToStreamPerFrame:0]]
[2021.11.15-23.17.19:476][  0]LogConfig: Setting CVar [[r.Streaming.Boost:1]]
[2021.11.15-23.17.19:476][  0]LogConfig: Setting CVar [[r.MaxAnisotropy:8]]
[2021.11.15-23.17.19:476][  0]LogConfig: Setting CVar [[r.VT.MaxAnisotropy:8]]
[2021.11.15-23.17.19:476][  0]LogConfig: Setting CVar [[r.Streaming.LimitPoolSizeToVRAM:0]]
[2021.11.15-23.17.19:476][  0]LogConfig: Setting CVar [[r.Streaming.PoolSize:1000]]
[2021.11.15-23.17.19:476][  0]LogConfig: Setting CVar [[r.Streaming.MaxEffectiveScreenSize:0]]
[2021.11.15-23.17.19:476][  0]LogConfig: Applying CVar settings from Section [EffectsQuality@3] File [D:/_Game_projects/Unreal/HeritageGJ2021/StarRiteGame_V0/Saved/Config/Windows/Scalability.ini]
[2021.11.15-23.17.19:476][  0]LogConfig: Setting CVar [[r.TranslucencyLightingVolumeDim:64]]
[2021.11.15-23.17.19:476][  0]LogConfig: Setting CVar [[r.RefractionQuality:2]]
[2021.11.15-23.17.19:476][  0]LogConfig: Setting CVar [[r.SSR.Quality:3]]
[2021.11.15-23.17.19:476][  0]LogConfig: Setting CVar [[r.SSR.HalfResSceneColor:0]]
[2021.11.15-23.17.19:476][  0]LogConfig: Setting CVar [[r.SceneColorFormat:4]]
[2021.11.15-23.17.19:476][  0]LogConfig: Setting CVar [[r.DetailMode:2]]
[2021.11.15-23.17.19:476][  0]LogConfig: Setting CVar [[r.TranslucencyVolumeBlur:1]]
[2021.11.15-23.17.19:476][  0]LogConfig: Setting CVar [[r.MaterialQualityLevel:1 ; High quality]]
[2021.11.15-23.17.19:476][  0]LogConfig: Setting CVar [[r.AnisotropicMaterials:1]]
[2021.11.15-23.17.19:476][  0]LogConfig: Setting CVar [[r.SSS.Scale:1]]
[2021.11.15-23.17.19:476][  0]LogConfig: Setting CVar [[r.SSS.SampleSet:2]]
[2021.11.15-23.17.19:476][  0]LogConfig: Setting CVar [[r.SSS.Quality:1]]
[2021.11.15-23.17.19:476][  0]LogConfig: Setting CVar [[r.SSS.HalfRes:0]]
[2021.11.15-23.17.19:476][  0]LogConfig: Setting CVar [[r.SSGI.Quality:3]]
[2021.11.15-23.17.19:476][  0]LogConfig: Setting CVar [[r.EmitterSpawnRateScale:1.0]]
[2021.11.15-23.17.19:476][  0]LogConfig: Setting CVar [[r.ParticleLightQuality:2]]
[2021.11.15-23.17.19:476][  0]LogConfig: Setting CVar [[r.SkyAtmosphere.AerialPerspectiveLUT.FastApplyOnOpaque:1 ; Always have FastSkyLUT 1 in this case to avoid wrong sky]]
[2021.11.15-23.17.19:476][  0]LogConfig: Setting CVar [[r.SkyAtmosphere.AerialPerspectiveLUT.SampleCountMaxPerSlice:4]]
[2021.11.15-23.17.19:476][  0]LogConfig: Setting CVar [[r.SkyAtmosphere.AerialPerspectiveLUT.DepthResolution:16.0]]
[2021.11.15-23.17.19:476][  0]LogConfig: Setting CVar [[r.SkyAtmosphere.FastSkyLUT:1]]
[2021.11.15-23.17.19:476][  0]LogConfig: Setting CVar [[r.SkyAtmosphere.FastSkyLUT.SampleCountMin:4.0]]
[2021.11.15-23.17.19:476][  0]LogConfig: Setting CVar [[r.SkyAtmosphere.FastSkyLUT.SampleCountMax:128.0]]
[2021.11.15-23.17.19:476][  0]LogConfig: Setting CVar [[r.SkyAtmosphere.SampleCountMin:4.0]]
[2021.11.15-23.17.19:476][  0]LogConfig: Setting CVar [[r.SkyAtmosphere.SampleCountMax:128.0]]
[2021.11.15-23.17.19:476][  0]LogConfig: Setting CVar [[r.SkyAtmosphere.TransmittanceLUT.UseSmallFormat:0]]
[2021.11.15-23.17.19:476][  0]LogConfig: Setting CVar [[r.SkyAtmosphere.TransmittanceLUT.SampleCount:10.0]]
[2021.11.15-23.17.19:476][  0]LogConfig: Setting CVar [[r.SkyAtmosphere.MultiScatteringLUT.SampleCount:15.0]]
[2021.11.15-23.17.19:476][  0]LogConfig: Setting CVar [[r.SkyLight.RealTimeReflectionCapture:1]]
[2021.11.15-23.17.19:476][  0]LogConfig: Applying CVar settings from Section [FoliageQuality@3] File [D:/_Game_projects/Unreal/HeritageGJ2021/StarRiteGame_V0/Saved/Config/Windows/Scalability.ini]
[2021.11.15-23.17.19:476][  0]LogConfig: Setting CVar [[foliage.DensityScale:1.0]]
[2021.11.15-23.17.19:476][  0]LogConfig: Setting CVar [[grass.DensityScale:1.0]]
[2021.11.15-23.17.19:476][  0]LogConfig: Applying CVar settings from Section [ShadingQuality@3] File [D:/_Game_projects/Unreal/HeritageGJ2021/StarRiteGame_V0/Saved/Config/Windows/Scalability.ini]
[2021.11.15-23.17.19:476][  0]LogConfig: Setting CVar [[r.HairStrands.SkyLighting.IntegrationType:2]]
[2021.11.15-23.17.19:476][  0]LogConfig: Setting CVar [[r.HairStrands.SkyAO.SampleCount:4]]
[2021.11.15-23.17.19:476][  0]LogConfig: Setting CVar [[r.HairStrands.Visibility.MSAA.SamplePerPixel:4]]
[2021.11.15-23.17.19:476][  0]LogConfig: Applying CVar settings from Section [Startup] File [../../../Engine/Config/ConsoleVariables.ini]
[2021.11.15-23.17.19:477][  0]LogConfig: Setting CVar [[net.UseAdaptiveNetUpdateFrequency:0]]
[2021.11.15-23.17.19:477][  0]LogConfig: Setting CVar [[p.chaos.AllowCreatePhysxBodies:1]]
[2021.11.15-23.17.19:477][  0]LogConfig: Setting CVar [[fx.SkipVectorVMBackendOptimizations:1]]
[2021.11.15-23.17.19:477][  0]LogConfig: Applying CVar settings from Section [ConsoleVariables] File [D:/_Game_projects/Unreal/HeritageGJ2021/StarRiteGame_V0/Saved/Config/Windows/Engine.ini]
[2021.11.15-23.17.19:477][  0]LogConfig: Applying CVar settings from Section [ConsoleVariables] File [D:/_Game_projects/Unreal/HeritageGJ2021/StarRiteGame_V0/Saved/Config/Windows/Editor.ini]
[2021.11.15-23.17.19:477][  0]LogInit: Computer: MSI
[2021.11.15-23.17.19:477][  0]LogInit: User: clair
[2021.11.15-23.17.19:477][  0]LogInit: CPU Page size=4096, Cores=6
[2021.11.15-23.17.19:477][  0]LogInit: High frequency timer resolution =10.000000 MHz
[2021.11.15-23.17.19:477][  0]LogMemory: Memory total: Physical=15.8GB (16GB approx)
[2021.11.15-23.17.19:477][  0]LogMemory: Platform Memory Stats for Windows
[2021.11.15-23.17.19:477][  0]LogMemory: Process Physical Memory: 142.72 MB used, 142.73 MB peak
[2021.11.15-23.17.19:477][  0]LogMemory: Process Virtual Memory: 125.83 MB used, 125.83 MB peak
[2021.11.15-23.17.19:477][  0]LogMemory: Physical Memory: 8199.43 MB used,  8030.71 MB free, 16230.14 MB total
[2021.11.15-23.17.19:477][  0]LogMemory: Virtual Memory: 134203776.00 MB used,  13948.56 MB free, 134217728.00 MB total
[2021.11.15-23.17.19:534][  0]LogWindows: WindowsPlatformFeatures enabled
[2021.11.15-23.17.19:561][  0]LogInit: Physics initialised using underlying interface: PhysX
[2021.11.15-23.17.19:562][  0]LogInit: Using OS detected language (fr-FR).
[2021.11.15-23.17.19:562][  0]LogInit: Using OS detected locale (fr-FR).
[2021.11.15-23.17.19:563][  0]LogTextLocalizationManager: No specific localization for 'fr-FR' exists, so the 'fr' localization will be used.
[2021.11.15-23.17.19:563][  0]LogTextLocalizationResource: LocRes '../../../Engine/Content/Localization/Editor/fr/Editor.locres' could not be opened for reading!
[2021.11.15-23.17.19:563][  0]LogTextLocalizationResource: LocRes '../../../Engine/Content/Localization/EditorTutorials/fr/EditorTutorials.locres' could not be opened for reading!
[2021.11.15-23.17.19:563][  0]LogTextLocalizationResource: LocRes '../../../Engine/Content/Localization/Keywords/fr/Keywords.locres' could not be opened for reading!
[2021.11.15-23.17.19:563][  0]LogTextLocalizationResource: LocRes '../../../Engine/Content/Localization/Category/fr/Category.locres' could not be opened for reading!
[2021.11.15-23.17.19:563][  0]LogTextLocalizationResource: LocRes '../../../Engine/Content/Localization/ToolTips/fr/ToolTips.locres' could not be opened for reading!
[2021.11.15-23.17.19:564][  0]LogTextLocalizationResource: LocRes '../../../Engine/Content/Localization/PropertyNames/fr/PropertyNames.locres' could not be opened for reading!
[2021.11.15-23.17.19:564][  0]LogTextLocalizationResource: LocRes '../../../Engine/Content/Localization/Engine/fr/Engine.locres' could not be opened for reading!
[2021.11.15-23.17.19:565][  0]LogInit: Setting process to per monitor DPI aware
[2021.11.15-23.17.19:587][  0]LogWindowsTextInputMethodSystem: Display: IME system deactivated.
[2021.11.15-23.17.19:620][  0]LogSlate: New Slate User Created.  User Index 0, Is Virtual User: 0
[2021.11.15-23.17.19:620][  0]LogSlate: Slate User Registered.  User Index 0, Is Virtual User: 0
[2021.11.15-23.17.19:780][  0]LogD3D11RHI: Loaded GFSDK_Aftermath_Lib.x64.dll
[2021.11.15-23.17.19:844][  0]LogHMD: Failed to initialize OpenVR with code 110
[2021.11.15-23.17.19:844][  0]LogD3D11RHI: D3D11 min allowed feature level: 11_0
[2021.11.15-23.17.19:844][  0]LogD3D11RHI: D3D11 max allowed feature level: 11_0
[2021.11.15-23.17.19:844][  0]LogD3D11RHI: D3D11 adapters:
[2021.11.15-23.17.19:959][  0]LogD3D11RHI:    0. 'NVIDIA GeForce GTX 1060' (Feature Level 11_0)
[2021.11.15-23.17.19:959][  0]LogD3D11RHI:       6052/0/8115 MB DedicatedVideo/DedicatedSystem/SharedSystem, Outputs:1, VendorId:0x10de
[2021.11.15-23.17.19:995][  0]LogD3D11RHI:    1. 'Intel(R) UHD Graphics 630' (Feature Level 11_0)
[2021.11.15-23.17.19:995][  0]LogD3D11RHI:       128/0/8115 MB DedicatedVideo/DedicatedSystem/SharedSystem, Outputs:0, VendorId:0x8086
[2021.11.15-23.17.19:997][  0]LogD3D11RHI:    2. 'Microsoft Basic Render Driver' (Feature Level 11_0)
[2021.11.15-23.17.19:997][  0]LogD3D11RHI:       0/0/8115 MB DedicatedVideo/DedicatedSystem/SharedSystem, Outputs:0, VendorId:0x1414
[2021.11.15-23.17.19:997][  0]LogD3D11RHI: Chosen D3D11 Adapter:
[2021.11.15-23.17.19:997][  0]LogD3D11RHI:     Description : NVIDIA GeForce GTX 1060
[2021.11.15-23.17.19:997][  0]LogD3D11RHI:     VendorId    : 10de
[2021.11.15-23.17.19:997][  0]LogD3D11RHI:     DeviceId    : 1c20
[2021.11.15-23.17.19:997][  0]LogD3D11RHI:     SubSysId    : 12141462
[2021.11.15-23.17.19:997][  0]LogD3D11RHI:     Revision    : 00a1
[2021.11.15-23.17.19:997][  0]LogD3D11RHI:     DedicatedVideoMemory : 6345981952 bytes
[2021.11.15-23.17.19:997][  0]LogD3D11RHI:     DedicatedSystemMemory : 0 bytes
[2021.11.15-23.17.19:997][  0]LogD3D11RHI:     SharedSystemMemory : 8509267968 bytes
[2021.11.15-23.17.19:997][  0]LogD3D11RHI:     AdapterLuid : 0 95514
[2021.11.15-23.17.20:011][  0]LogD3D11RHI: Creating new Direct3DDevice
[2021.11.15-23.17.20:011][  0]LogD3D11RHI:     GPU DeviceId: 0x1c20 (for the marketing name, search the web for "GPU Device Id")
[2021.11.15-23.17.20:011][  0]LogWindows: EnumDisplayDevices:
[2021.11.15-23.17.20:012][  0]LogWindows:    0. 'Intel(R) UHD Graphics 630' (P:1 D:1)
[2021.11.15-23.17.20:012][  0]LogWindows:    1. 'Intel(R) UHD Graphics 630' (P:0 D:0)
[2021.11.15-23.17.20:013][  0]LogWindows:    2. 'Intel(R) UHD Graphics 630' (P:0 D:0)
[2021.11.15-23.17.20:013][  0]LogWindows:    3. 'NVIDIA GeForce GTX 1060' (P:0 D:0)
[2021.11.15-23.17.20:013][  0]LogWindows:    4. 'NVIDIA GeForce GTX 1060' (P:0 D:0)
[2021.11.15-23.17.20:014][  0]LogWindows:    5. 'NVIDIA GeForce GTX 1060' (P:0 D:0)
[2021.11.15-23.17.20:014][  0]LogWindows:    6. 'NVIDIA GeForce GTX 1060' (P:0 D:0)
[2021.11.15-23.17.20:015][  0]LogWindows: DebugString: PrimaryIsNotTheChoosenAdapter PrimaryIsNotTheChoosenAdapter PrimaryIsNotTheChoosenAdapter FoundDriverCount:4 
[2021.11.15-23.17.20:015][  0]LogD3D11RHI:     Adapter Name: NVIDIA GeForce GTX 1060
[2021.11.15-23.17.20:015][  0]LogD3D11RHI:   Driver Version: 445.87 (internal:26.21.14.4587, unified:445.87)
[2021.11.15-23.17.20:015][  0]LogD3D11RHI:      Driver Date: 4-3-2020
[2021.11.15-23.17.20:015][  0]LogRHI: Texture pool is 4236 MB (70% of 6052 MB)
[2021.11.15-23.17.20:015][  0]LogD3D11RHI: Creating D3DDevice using adapter:
[2021.11.15-23.17.20:015][  0]LogD3D11RHI:     Description : NVIDIA GeForce GTX 1060
[2021.11.15-23.17.20:015][  0]LogD3D11RHI:     VendorId    : 10de
[2021.11.15-23.17.20:015][  0]LogD3D11RHI:     DeviceId    : 1c20
[2021.11.15-23.17.20:015][  0]LogD3D11RHI:     SubSysId    : 12141462
[2021.11.15-23.17.20:015][  0]LogD3D11RHI:     Revision    : 00a1
[2021.11.15-23.17.20:015][  0]LogD3D11RHI:     DedicatedVideoMemory : 6345981952 bytes
[2021.11.15-23.17.20:015][  0]LogD3D11RHI:     DedicatedSystemMemory : 0 bytes
[2021.11.15-23.17.20:015][  0]LogD3D11RHI:     SharedSystemMemory : 8509267968 bytes
[2021.11.15-23.17.20:015][  0]LogD3D11RHI:     AdapterLuid : 0 95514
[2021.11.15-23.17.20:090][  0]LogD3D11RHI: RHI has support for 64 bit atomics
[2021.11.15-23.17.20:090][  0]LogD3D11RHI: Async texture creation enabled
[2021.11.15-23.17.20:090][  0]LogD3D11RHI: Array index from any shader is supported
[2021.11.15-23.17.20:108][  0]LogD3D11RHI: GPU Timing Frequency: 1000.000000 (Debug: 2 1)
[2021.11.15-23.17.20:167][  0]LogRHI: GeForceNow SDK initialized: 1
[2021.11.15-23.17.20:550][  0]LogTargetPlatformManager: Display: Loaded TargetPlatform 'AllDesktop'
[2021.11.15-23.17.20:575][  0]LogTargetPlatformManager: Display: Loaded TargetPlatform 'Android'
[2021.11.15-23.17.20:575][  0]LogTargetPlatformManager: Display: Loaded TargetPlatform 'Android_ASTC'
[2021.11.15-23.17.20:576][  0]LogTargetPlatformManager: Display: Loaded TargetPlatform 'Android_DXT'
[2021.11.15-23.17.20:576][  0]LogTargetPlatformManager: Display: Loaded TargetPlatform 'Android_ETC2'
[2021.11.15-23.17.20:576][  0]LogTargetPlatformManager: Display: Loaded TargetPlatform 'AndroidClient'
[2021.11.15-23.17.20:576][  0]LogTargetPlatformManager: Display: Loaded TargetPlatform 'Android_ASTCClient'
[2021.11.15-23.17.20:576][  0]LogTargetPlatformManager: Display: Loaded TargetPlatform 'Android_DXTClient'
[2021.11.15-23.17.20:576][  0]LogTargetPlatformManager: Display: Loaded TargetPlatform 'Android_ETC2Client'
[2021.11.15-23.17.20:576][  0]LogTargetPlatformManager: Display: Loaded TargetPlatform 'Android_Multi'
[2021.11.15-23.17.20:576][  0]LogTargetPlatformManager: Display: Loaded TargetPlatform 'Android_MultiClient'
[2021.11.15-23.17.20:594][  0]LogTargetPlatformManager: Display: Loaded TargetPlatform 'IOSClient'
[2021.11.15-23.17.20:594][  0]LogTargetPlatformManager: Display: Loaded TargetPlatform 'IOS'
[2021.11.15-23.17.20:603][  0]LogTargetPlatformManager: Display: Loaded TargetPlatform 'Linux'
[2021.11.15-23.17.20:607][  0]LogTargetPlatformManager: Display: Loaded TargetPlatform 'LinuxNoEditor'
[2021.11.15-23.17.20:611][  0]LogTargetPlatformManager: Display: Loaded TargetPlatform 'LinuxClient'
[2021.11.15-23.17.20:616][  0]LogTargetPlatformManager: Display: Loaded TargetPlatform 'LinuxServer'
[2021.11.15-23.17.20:625][  0]LogTargetPlatformManager: Display: Loaded TargetPlatform 'LinuxAArch64NoEditor'
[2021.11.15-23.17.20:630][  0]LogTargetPlatformManager: Display: Loaded TargetPlatform 'LinuxAArch64Client'
[2021.11.15-23.17.20:635][  0]LogTargetPlatformManager: Display: Loaded TargetPlatform 'LinuxAArch64Server'
[2021.11.15-23.17.20:658][  0]LogTargetPlatformManager: Display: Loaded TargetPlatform 'Lumin'
[2021.11.15-23.17.20:658][  0]LogTargetPlatformManager: Display: Loaded TargetPlatform 'LuminClient'
[2021.11.15-23.17.20:667][  0]LogTargetPlatformManager: Display: Loaded TargetPlatform 'MacNoEditor'
[2021.11.15-23.17.20:671][  0]LogTargetPlatformManager: Display: Loaded TargetPlatform 'Mac'
[2021.11.15-23.17.20:675][  0]LogTargetPlatformManager: Display: Loaded TargetPlatform 'MacClient'
[2021.11.15-23.17.20:679][  0]LogTargetPlatformManager: Display: Loaded TargetPlatform 'MacServer'
[2021.11.15-23.17.20:689][  0]LogTargetPlatformManager: Display: Loaded TargetPlatform 'TVOSClient'
[2021.11.15-23.17.20:689][  0]LogTargetPlatformManager: Display: Loaded TargetPlatform 'TVOS'
[2021.11.15-23.17.20:699][  0]LogTargetPlatformManager: Display: Loaded TargetPlatform 'WindowsNoEditor'
[2021.11.15-23.17.20:704][  0]LogTargetPlatformManager: Display: Loaded TargetPlatform 'Windows'
[2021.11.15-23.17.20:707][  0]LogTargetPlatformManager: Display: Loaded TargetPlatform 'WindowsClient'
[2021.11.15-23.17.20:712][  0]LogTargetPlatformManager: Display: Loaded TargetPlatform 'WindowsServer'
[2021.11.15-23.17.20:712][  0]LogTargetPlatformManager: Display: Building Assets For Windows
[2021.11.15-23.17.20:719][  0]LogAudioDebug: Display: Lib vorbis DLL was dynamically loaded.
[2021.11.15-23.17.20:756][  0]LogTextureFormatOodle: Display: Oodle Texture 2.9.0 init RDO Off
[2021.11.15-23.17.20:793][  0]LogRendererCore: Ray tracing is disabled. Reason: r.RayTracing=0.
[2021.11.15-23.17.20:793][  0]LogShaderCompilers: Guid format shader working directory is -22 characters bigger than the processId version (../../../../../_Game_projects/Unreal/HeritageGJ2021/StarRiteGame_V0/Intermediate/Shaders/WorkingDirectory/16504/).
[2021.11.15-23.17.20:793][  0]LogShaderCompilers: Cleaned the shader compiler working directory 'C:/Users/clair/AppData/Local/Temp/UnrealShaderWorkingDir/A2D2AB8C46E9E7D3A09B639298CD0C86/'.
[2021.11.15-23.17.20:793][  0]LogXGEController: Cannot use XGE Controller as Incredibuild is not installed on this machine.
[2021.11.15-23.17.20:793][  0]LogShaderCompilers: Cannot use XGE Shader Compiler as Incredibuild is not installed on this machine.
[2021.11.15-23.17.20:793][  0]LogShaderCompilers: Display: Using Local Shader Compiler.
[2021.11.15-23.17.21:605][  0]LogDerivedDataCache: Display: Max Cache Size: 512 MB
[2021.11.15-23.17.21:705][  0]LogDerivedDataCache: Loaded boot cache 0.10s 94MB C:/Users/clair/AppData/Local/UnrealEngine/4.27/DerivedDataCache/Boot.ddc.
[2021.11.15-23.17.21:705][  0]LogDerivedDataCache: Display: Loaded Boot cache: C:/Users/clair/AppData/Local/UnrealEngine/4.27/DerivedDataCache/Boot.ddc
[2021.11.15-23.17.21:706][  0]LogDerivedDataCache: FDerivedDataBackendGraph:  Pak pak cache file ../../../../../_Game_projects/Unreal/HeritageGJ2021/StarRiteGame_V0/DerivedDataCache/DDC.ddp not found, will not use a pak cache.
[2021.11.15-23.17.21:706][  0]LogDerivedDataCache: Unable to find inner node Pak for hierarchical cache Hierarchy.
[2021.11.15-23.17.21:706][  0]LogDerivedDataCache: FDerivedDataBackendGraph:  CompressedPak pak cache file ../../../../../_Game_projects/Unreal/HeritageGJ2021/StarRiteGame_V0/DerivedDataCache/Compressed.ddp not found, will not use a pak cache.
[2021.11.15-23.17.21:706][  0]LogDerivedDataCache: Unable to find inner node CompressedPak for hierarchical cache Hierarchy.
[2021.11.15-23.17.21:726][  0]LogDerivedDataCache: Display: Pak cache opened for reading ../../../Engine/DerivedDataCache/Compressed.ddp.
[2021.11.15-23.17.21:726][  0]LogDerivedDataCache: FDerivedDataBackendGraph:  EnterprisePak pak cache file ../../../Enterprise/DerivedDataCache/Compressed.ddp not found, will not use a pak cache.
[2021.11.15-23.17.21:726][  0]LogDerivedDataCache: Unable to find inner node EnterprisePak for hierarchical cache Hierarchy.
[2021.11.15-23.17.21:732][  0]LogDerivedDataCache: Speed tests for C:/Users/clair/AppData/Local/UnrealEngine/Common/DerivedDataCache took 0.01 seconds
[2021.11.15-23.17.21:732][  0]LogDerivedDataCache: Display: Performance to C:/Users/clair/AppData/Local/UnrealEngine/Common/DerivedDataCache: Latency=0.03ms. RandomReadSpeed=907.10MBs, RandomWriteSpeed=217.68MBs. Assigned SpeedClass 'Local'
[2021.11.15-23.17.21:733][  0]LogDerivedDataCache: Using Local data cache path C:/Users/clair/AppData/Local/UnrealEngine/Common/DerivedDataCache: Writable
[2021.11.15-23.17.21:733][  0]LogDerivedDataCache: Shared data cache path not found in *engine.ini, will not use an Shared cache.
[2021.11.15-23.17.21:733][  0]LogDerivedDataCache: Unable to find inner node Shared for hierarchical cache Hierarchy.
[2021.11.15-23.17.21:782][  0]LogSlate: Using FreeType 2.10.0
[2021.11.15-23.17.21:782][  0]LogSlate: SlateFontServices - WITH_FREETYPE: 1, WITH_HARFBUZZ: 1
[2021.11.15-23.17.21:809][  0]LogAssetRegistry: FAssetRegistry took 0.0037 seconds to start up
[2021.11.15-23.17.22:061][  0]LogInit: Selected Device Profile: [Windows]
[2021.11.15-23.17.22:061][  0]LogInit: Active device profile: [000002B80CD28B00][000002B802AFE8C0 49] Windows
[2021.11.15-23.17.22:061][  0]LogInit: Profiles: [000002B80CD28B00][000002B802AFE8C0 49] Windows, [000002B80CCE6200][000002B802B02A00 49] WindowsNoEditor, [000002B80CD29900][000002B802B06B40 49] WindowsServer, [000002B80CCE6F00][000002B80C17CCC0 49] WindowsClient, [000002B80CD2BC00][000002B80C180E40 49] IOS, [000002B80CCE4F00][000002B80C184FC0 49] iPadAir, [000002B80CD2BE00][000002B80C189140 49] iPadAir2, [000002B80CC94E00][000002B80C191400 49] IPadPro, [000002B80CC94F00][000002B80C18D440 49] iPadAir3, [000002B80CCE7C00][000002B80C1955C0 49] iPadAir4, [000002B80CC97800][000002B80C199740 49] iPadMini2, [000002B80CCE7000][000002B80C19D8C0 49] iPadMini3, [000002B80CC97A00][000002B80C1A1A40 49] iPadMini4, [000002B80CCE7900][000002B80C1A5BC0 49] iPadMini5, [000002B80CCC0600][000002B80C1AC300 49] iPhone6, [000002B80CCC0700][000002B80C1A8340 49] iPodTouch6, [000002B80CD2A800][000002B80C1B4600 49] iPhone7, [000002B80CD2A600][000002B80C1B0640 49] iPodTouch7, [000002B80CCC0100][000002B80C1B87C0 49] iPhone5S, [000002B80CC94700][000002B80C1BC940 49] iPhone6Plus, [000002B80CCC2500][000002B802B0AA80 49] iPhone6S, [000002B80CC95300][000002B80C1C0BC0 49] iPhone6SPlus, [000002B80CCC3B00][000002B80C1C4D00 49] iPhone7Plus, [000002B80CC97700][000002B80C1CCE80 49] iPhoneSE, [000002B80CD2AB00][000002B80D523000 49] iPhone8, [000002B80CC94600][000002B80D527180 49] iPhone8Plus, [000002B80CD2A100][000002B80D52B300 49] iPhoneX, [000002B80CC96900][000002B80D52F480 49] iPhoneXS, [000002B80CD2B700][000002B80D533600 49] iPhoneXSMax, [000002B80CC96F00][000002B80D537780 49] iPhoneXR, [000002B80CD2BB00][000002B80D53B900 49] iPhone11, [000002B80CC95E00][000002B80D53FA80 49] iPhone11Pro, [000002B80CD28700][000002B80D543C00 49] iPhone11ProMax, [000002B80CC96000][000002B80D546200 49] iPhoneSE2, [000002B80CD2BA00][000002B80D54A380 49] iPhone12Mini, [000002B80CC96100][000002B80D54E500 49] iPhone12, [000002B80CD28600][000002B80D552680 49] iPhone12Pro, [000002B80CC97400][000002B80D556800 49] iPhone12ProMax, [000002B80CD28800][000002B80D55A980 49] iPadPro105, [000002B80CC95900][000002B80D55EB00 49] iPadPro129, [000002B80CD2BF00][000002B80C1C8C40 49] iPadPro97, [000002B80CC97C00][000002B80D562D80 49] iPadPro2_129, [000002B80CD2B900][000002B80D566EC0 49] iPad5, [000002B80CC94300][000002B80D56F040 49] iPad6, [000002B80CD29B00][000002B80D5731C0 49] iPad7, [000002B80CC97600][000002B80D577340 49] iPad8, [000002B80CD29600][000002B80D57B4C0 49] iPadPro11, [000002B80CC96D00][000002B80D57F640 49] iPadPro2_11, [000002B80CD29A00][000002B80D5837C0 49] iPadPro3_129, [000002B80CC96E00][000002B80D587940 49] iPadPro4_129, [000002B80CD28500][000002B80D58BAC0 49] AppleTV, [000002B80CC97000][000002B80D58E0C0 49] AppleTV4K, [000002B80CD29C00][000002B80D592240 49] TVOS, [000002B80CC94800][000002B80D5963C0 49] Mac, [000002B80CD2A500][000002B80D59A540 49] MacClient, [000002B80CC96C00][000002B80D59E6C0 49] MacNoEditor, [000002B80CD2B500][000002B80D5A2840 49] MacServer, [000002B80CC94A00][000002B80D5A69C0 49] Linux, [000002B80CD28400][000002B80D5AAB40 49] LinuxAArch64, [000002B80CC95A00][000002B80D5AECC0 49] LinuxNoEditor, [000002B80CD29D00][000002B80D56AE00 49] LinuxAArch64NoEditor, [000002B80CC96700][000002B80D5B2F40 49] LinuxClient, [000002B80CD29400][000002B80D5B7080 49] LinuxAArch64Client, [000002B80CC96800][000002B80D5BB1C0 49] LinuxServer, [000002B80CD2AF00][000002B80D5C3340 49] LinuxAArch64Server, [000002B80CC95700][000002B80D5C74C0 49] Android, [000002B80CD2BD00][000002B80D5CB640 49] Android_Low, [000002B80CC94B00][000002B80D5CF7C0 49] Android_Mid, [000002B80CD2A200][000002B80D5D3940 49] Android_High, [000002B80CC94C00][000002B80D5D7AC0 49] Android_Default, [000002B80CD29300][000002B80D5DA0C0 49] Android_Adreno4xx, [000002B80CCE6400][000002B80D5F0240 49] Android_Adreno5xx_Low, [000002B80CCC1C00][000002B80D5F43C0 49] Android_Adreno5xx, [000002B80CCE6700][000002B80D5F8540 49] Android_Adreno6xx, [000002B80CCC2000][000002B80D5FC6C0 49] Android_Adreno6xx_Vulkan, [000002B80CCE4400][000002B80D600840 49] Android_Mali_T6xx, [000002B80CCC0F00][000002B80D6049C0 49] Android_Mali_T7xx, [000002B80CCE5D00][000002B80D608B40 49] Android_Mali_T8xx, [000002B80CCC1F00][000002B80D60CCC0 49] Android_Mali_G71, [000002B80CCE6900][000002B80D610E40 49] Android_Mali_G72, [000002B80CCC3300][000002B80D5BEF80 49] Android_Mali_G72_Vulkan, [000002B80CCE7F00][000002B80D6150C0 49] Android_Mali_G76, [000002B80CCC2200][000002B80D619200 49] Android_Mali_G76_Vulkan, [000002B80CCE5F00][000002B80D61D340 49] Android_Mali_G77, [000002B80CCC0900][000002B80D6254C0 49] Android_Mali_G77_Vulkan, [000002B80CCE5200][000002B80D629640 49] Android_Mali_G78, [000002B80CCC1300][000002B80D62D7C0 49] Android_Mali_G78_Vulkan, [000002B80CCE7500][000002B80D631940 49] Android_Mali_G710, [000002B80CCC3E00][000002B80D635AC0 49] Android_Mali_G710_Vulkan, [000002B80CCE4700][000002B80D6380C0 49] Android_Vulkan_SM5, [000002B80CCC3F00][000002B80D63C240 49] Android_PowerVR_G6xxx, [000002B80CCE6000][000002B80D6403C0 49] Android_PowerVR_GT7xxx, [000002B80CCC2B00][000002B80D644540 49] Android_PowerVR_GE8xxx, [000002B80CCE7800][000002B80D6486C0 49] Android_PowerVR_GM9xxx, [000002B80CCC2800][000002B80D64C840 49] Android_PowerVR_GM9xxx_Vulkan, [000002B80CCE5600][000002B80D6509C0 49] Android_TegraK1, [000002B80CCC1700][000002B80D654B40 49] Android_Unknown_Vulkan, [000002B80CCE6D00][000002B80D658CC0 49] Lumin, [000002B80CCC3D00][000002B80D65CE40 49] Lumin_Desktop, [000002B80CCE4E00][000002B80D660FC0 49] HoloLens, 
[2021.11.15-23.17.22:195][  0]LogMeshReduction: Using QuadricMeshReduction for automatic static mesh reduction
[2021.11.15-23.17.22:195][  0]LogMeshReduction: Using SimplygonMeshReduction for automatic skeletal mesh reduction
[2021.11.15-23.17.22:195][  0]LogMeshReduction: Using ProxyLODMeshReduction for automatic mesh merging
[2021.11.15-23.17.22:195][  0]LogMeshReduction: No distributed automatic mesh merging module available
[2021.11.15-23.17.22:195][  0]LogMeshMerging: No distributed automatic mesh merging module available
[2021.11.15-23.17.22:211][  0]LogNetVersion: StarRiteGame_V0 1.0.0, NetCL: 17155196, EngineNetVer: 17, GameNetVer: 0 (Checksum: 227278968)
[2021.11.15-23.17.22:674][  0]LogTexture: Default maximum texture size for cubemaps generated from long-lat sources has been changed from 512 to unlimited. In order to preserve old behaiour for '/Engine/MapTemplates/Sky/DaylightAmbientCubemap.DaylightAmbientCubemap', its maximum texture size has been explicitly set to 512.
[2021.11.15-23.17.22:743][  0]LogHMD: PokeAHoleMaterial loaded successfully
[2021.11.15-23.17.22:751][  0]LogUObjectArray: 17174 objects as part of root set at end of initial load.
[2021.11.15-23.17.22:751][  0]LogUObjectAllocator: 4300288 out of 0 bytes used by permanent object pool.
[2021.11.15-23.17.22:751][  0]LogUObjectArray: CloseDisregardForGC: 0/0 objects in disregard for GC pool
[2021.11.15-23.17.23:126][  0]LogNiagaraDebuggerClient: Niagara Debugger Client Initialized | Session: 75970F714454C847D68D16AAB8EF29B1 | Instance: 67662FBD4A2960C0F4FDFE9212E985D0 (MSI-16504).
[2021.11.15-23.17.23:148][  0]LogImageWrapper: Warning: PNG Warning: Duplicate iCCP chunk
[2021.11.15-23.17.23:148][  0]LogImageWrapper: Warning: PNG Warning: Duplicate iCCP chunk
[2021.11.15-23.17.23:189][  0]LogPython: Using Python 3.7.7
[2021.11.15-23.17.23:822][  0]LogUdpMessaging: Initializing bridge on interface 0.0.0.0:0 to multicast group 230.0.0.1:6666.
[2021.11.15-23.17.23:829][  0]LogTcpMessaging: Initializing TcpMessaging bridge
[2021.11.15-23.17.24:158][  0]SourceControl: Source control is disabled
[2021.11.15-23.17.24:158][  0]SourceControl: Source control is disabled
[2021.11.15-23.17.24:161][  0]SourceControl: Source control is disabled
[2021.11.15-23.17.24:165][  0]SourceControl: Source control is disabled
[2021.11.15-23.17.24:176][  0]SourceControl: Source control is disabled
[2021.11.15-23.17.24:211][  0]LogUProjectInfo: Found projects:
[2021.11.15-23.17.24:267][  0]LogOpenImageDenoise: OIDN starting up
[2021.11.15-23.17.24:312][  0]LogAndroidPermission: UAndroidPermissionCallbackProxy::GetInstance
[2021.11.15-23.17.24:336][  0]LogAudioCaptureCore: Display: No Audio Capture implementations found. Audio input will be silent.
[2021.11.15-23.17.24:336][  0]LogAudioCaptureCore: Display: No Audio Capture implementations found. Audio input will be silent.
[2021.11.15-23.17.24:462][  0]LogCollectionManager: Loaded 0 collections in 0.000649 seconds
[2021.11.15-23.17.24:487][  0]LogFileCache: Scanning file cache for directory 'D:/_Game_projects/Unreal/HeritageGJ2021/StarRiteGame_V0/Saved/Collections/' took 0.00s
[2021.11.15-23.17.24:487][  0]LogFileCache: Scanning file cache for directory 'D:/_Game_projects/Unreal/HeritageGJ2021/StarRiteGame_V0/Content/Developers/clair/Collections/' took 0.00s
[2021.11.15-23.17.24:487][  0]LogFileCache: Scanning file cache for directory 'D:/_Game_projects/Unreal/HeritageGJ2021/StarRiteGame_V0/Content/Collections/' took 0.00s
[2021.11.15-23.17.24:487][  0]LogOcInput: OculusInput pre-init called
[2021.11.15-23.17.24:755][  0]LogImageWrapper: Warning: PNG Warning: Duplicate iCCP chunk
[2021.11.15-23.17.24:756][  0]LogImageWrapper: Warning: PNG Warning: Duplicate iCCP chunk
[2021.11.15-23.17.24:756][  0]LogEngine: Initializing Engine...
[2021.11.15-23.17.24:758][  0]LogHMD: Failed to enumerate extensions. Please check that you have a valid OpenXR runtime installed.
[2021.11.15-23.17.24:758][  0]LogHMD: Failed to initialize OpenVR with code 110
[2021.11.15-23.17.24:758][  0]LogMagicLeap: Warning: VR disabled because ZI is not enabled.  To enable, in the editor, Edit -> Project Settings -> Plugins -> Magic Leap Plugin -> Enable Zero Iteration
[2021.11.15-23.17.24:759][  0]LogStats: UGameplayTagsManager::InitializeManager -  0.000 s
[2021.11.15-23.17.24:900][  0]LogInit: Initializing FReadOnlyCVARCache
[2021.11.15-23.17.24:917][  0]LogAIModule: Creating AISystem for world Untitled
[2021.11.15-23.17.24:941][  0]LogAudio: Display: Initializing Audio Device Manager...
[2021.11.15-23.17.24:944][  0]LogAudio: Display: Loading Default Audio Settings Objects...
[2021.11.15-23.17.24:945][  0]LogAudio: Display: No default SoundConcurrencyObject specified (or failed to load).
[2021.11.15-23.17.24:945][  0]LogAudio: Display: Audio Device Manager Initialized
[2021.11.15-23.17.24:945][  0]LogAudio: Display: Creating Audio Device:                 Id: 1, Scope: Shared, Realtime: True
[2021.11.15-23.17.24:946][  0]LogAudioMixer: Display: Audio Mixer Platform Settings:
[2021.11.15-23.17.24:946][  0]LogAudioMixer: Display: 	Sample Rate:						  48000
[2021.11.15-23.17.24:946][  0]LogAudioMixer: Display: 	Callback Buffer Frame Size Requested: 1024
[2021.11.15-23.17.24:946][  0]LogAudioMixer: Display: 	Callback Buffer Frame Size To Use:	  1024
[2021.11.15-23.17.24:946][  0]LogAudioMixer: Display: 	Number of buffers to queue:			  2
[2021.11.15-23.17.24:946][  0]LogAudioMixer: Display: 	Max Channels (voices):				  32
[2021.11.15-23.17.24:946][  0]LogAudioMixer: Display: 	Number of Async Source Workers:		  0
[2021.11.15-23.17.24:946][  0]LogAudio: Display: AudioDevice MaxSources: 32
[2021.11.15-23.17.24:946][  0]LogAudio: Display: Audio Spatialization Plugin: None (built-in).
[2021.11.15-23.17.24:946][  0]LogAudio: Display: Audio Reverb Plugin: None (built-in).
[2021.11.15-23.17.24:946][  0]LogAudio: Display: Audio Occlusion Plugin: None (built-in).
[2021.11.15-23.17.24:946][  0]LogAudioMixer: Display: Initializing audio mixer.
[2021.11.15-23.17.25:158][  0]LogAudioMixer: Display: 0: FrontLeft
[2021.11.15-23.17.25:158][  0]LogAudioMixer: Display: 1: FrontRight
[2021.11.15-23.17.25:782][  0]LogAudioMixer: Display: Using Audio Device Haut-parleurs (Realtek(R) Audio)
[2021.11.15-23.17.25:783][  0]LogAudioMixer: Display: Initializing Sound Submixes...
[2021.11.15-23.17.25:785][  0]LogAudioMixer: Display: Creating Master Submix 'MasterSubmixDefault'
[2021.11.15-23.17.25:785][  0]LogAudioMixer: Display: Creating Master Submix 'MasterReverbSubmixDefault'
[2021.11.15-23.17.25:786][  0]LogAudioMixer: Display: Creating Master Submix 'MasterEQSubmixDefault'
[2021.11.15-23.17.25:786][  0]LogAudioMixer: FMixerPlatformXAudio2::StartAudioStream() called
[2021.11.15-23.17.25:786][  0]LogAudioMixer: Display: Output buffers initialized: Frames=1024, Channels=2, Samples=2048
[2021.11.15-23.17.25:788][  0]LogAudioMixer: Display: Starting AudioMixerPlatformInterface::RunInternal()
[2021.11.15-23.17.25:788][  0]LogAudioMixer: Display: FMixerPlatformXAudio2::SubmitBuffer() called for the first time
[2021.11.15-23.17.25:788][  0]LogInit: FAudioDevice initialized.
[2021.11.15-23.17.25:788][  0]LogAudio: Display: Audio Device (ID: 1) registered with world 'Untitled'.
[2021.11.15-23.17.25:788][  0]LogNetVersion: Set ProjectVersion to 1.0.0.0. Version Checksum will be recalculated on next use.
[2021.11.15-23.17.25:858][  0]LogDerivedDataCache: Saved boot cache 0.07s 94MB C:/Users/clair/AppData/Local/UnrealEngine/4.27/DerivedDataCache/Boot.ddc.
[2021.11.15-23.17.25:858][  0]LogInit: Texture streaming: Enabled
[2021.11.15-23.17.25:871][  0]LogAnalytics: Display: [UEEditor.Rocket.Release] APIServer = https://datarouter.ol.epicgames.com/. AppVersion = 4.27.1-17735300+++UE4+Release-4.27
[2021.11.15-23.17.25:877][  0]LogEngineSessionManager: EngineSessionManager initialized
[2021.11.15-23.17.25:877][  0]LogEditorSessionSummary: Verbose: Initializing EditorSessionSummaryWriter for editor session tracking
[2021.11.15-23.17.25:888][  0]LogEditorSessionSummary: EditorSessionSummaryWriter initialized
[2021.11.15-23.17.25:918][  0]LogInit: Transaction tracking system initialized
[2021.11.15-23.17.25:940][  0]BlueprintLog: New page: Editor Load
[2021.11.15-23.17.25:998][  0]LocalizationService: Localization service is disabled
[2021.11.15-23.17.26:020][  0]TimingProfiler: Initialize
[2021.11.15-23.17.26:020][  0]TimingProfiler: OnSessionChanged
[2021.11.15-23.17.26:020][  0]LoadingProfiler: Initialize
[2021.11.15-23.17.26:020][  0]LoadingProfiler: OnSessionChanged
[2021.11.15-23.17.26:020][  0]NetworkingProfiler: Initialize
[2021.11.15-23.17.26:020][  0]NetworkingProfiler: OnSessionChanged
[2021.11.15-23.17.26:020][  0]MemoryProfiler: Initialize
[2021.11.15-23.17.26:020][  0]MemoryProfiler: OnSessionChanged
[2021.11.15-23.17.26:025][  0]LogClass: Warning: In asset 'None', there is an enum property of type 'EIOSVersion' with an invalid value of 'IOS_11'
[2021.11.15-23.17.26:025][  0]LogObj: Error: LoadConfig (/Script/IOSRuntimeSettings.Default__IOSRuntimeSettings): import failed for MinimumiOSVersion in: IOS_11
[2021.11.15-23.17.26:221][  0]LogCook: Display: CookSettings for Memory: MemoryMaxUsedVirtual 0MiB, MemoryMaxUsedPhysical 16384MiB, MemoryMinFreeVirtual 0MiB, MemoryMinFreePhysical 1024MiB
[2021.11.15-23.17.26:221][  0]LogCook: Display: Mobile HDR setting 1
[2021.11.15-23.17.26:415][  0]LogFileCache: Scanning file cache for directory 'D:/_Game_projects/Unreal/HeritageGJ2021/StarRiteGame_V0/Content/' took 0.00s
[2021.11.15-23.17.26:628][  0]LogImageWrapper: Warning: PNG Warning: Duplicate iCCP chunk
[2021.11.15-23.17.26:628][  0]LogImageWrapper: Warning: PNG Warning: Duplicate iCCP chunk
[2021.11.15-23.17.26:628][  0]LogInit: Display: Engine is initialized. Leaving FEngineLoop::Init()
[2021.11.15-23.17.26:636][  0]SourceControl: Source control is disabled
[2021.11.15-23.17.26:636][  0]LogUnrealEdMisc: Loading editor; pre map load, took 8.227
[2021.11.15-23.17.26:636][  0]Cmd: MAP LOAD FILE="../../../../../_Game_projects/Unreal/HeritageGJ2021/StarRiteGame_V0/Content/ThirdPersonBP/Maps/ThirdPersonExampleMap.umap" TEMPLATE=0 SHOWPROGRESS=1 FEATURELEVEL=3
[2021.11.15-23.17.26:636][  0]LogEditorServer: Warning: Can't find file '../../../../../_Game_projects/Unreal/HeritageGJ2021/StarRiteGame_V0/Content/ThirdPersonBP/Maps/ThirdPersonExampleMap.umap'
[2021.11.15-23.17.26:637][  0]Cmd: MAP CHECKDEP NOCLEARLOG
[2021.11.15-23.17.26:637][  0]MapCheck: Map check complete: 0 Error(s), 0 Warning(s), took 0,122ms to complete.
[2021.11.15-23.17.26:637][  0]LogFileHelpers: Loading map 'ThirdPersonExampleMap' took 0.000
[2021.11.15-23.17.26:639][  0]LogUnrealEdMisc: Total Editor Startup Time, took 8.230
[2021.11.15-23.17.26:778][  0]LogSlate: Updating window title bar state: overlay mode, drag disabled, window buttons hidden, title bar hidden
[2021.11.15-23.17.26:785][  0]LogSlate: Updating window title bar state: overlay mode, drag disabled, window buttons hidden, title bar hidden
[2021.11.15-23.17.26:792][  0]LogSlate: Updating window title bar state: overlay mode, drag disabled, window buttons hidden, title bar hidden
[2021.11.15-23.17.26:798][  0]LogSlate: Updating window title bar state: overlay mode, drag disabled, window buttons hidden, title bar hidden
[2021.11.15-23.17.26:817][  0]LogNativeClassHierarchy: Verbose: Native class hierarchy populated in 0.0091 seconds. Added 3822 classes and 928 folders.
[2021.11.15-23.17.26:835][  0]LogNativeClassHierarchy: Verbose: Native class hierarchy updated for 'WidgetCarousel' in 0.0002 seconds. Added 0 classes and 0 folders.
[2021.11.15-23.17.26:836][  0]LogPakFile: PakFile PrimaryIndexSize=187
[2021.11.15-23.17.26:836][  0]LogPakFile: PakFile PathHashIndexSize=101
[2021.11.15-23.17.26:836][  0]LogPakFile: PakFile FullDirectoryIndexSize=148
[2021.11.15-23.17.26:836][  0]LogShaderLibrary: Display: ShaderCodeLibraryPakFileMountedCallback: PakFile 'D:/EpicStoreLibrary/UE_4.27/FeaturePacks/FP_FirstPerson.upack' (chunk index -1, root 'root:/') mounted
[2021.11.15-23.17.26:836][  0]LogShaderLibrary: Display: ShaderCodeLibraryPakFileMountedCallback: pending pak file info (ChunkID:-1 Root:root:/ File:D:/EpicStoreLibrary/UE_4.27/FeaturePacks/FP_FirstPerson.upack)
[2021.11.15-23.17.26:836][  0]LogPakFile: OnPakFileMounted2Time == 0.000066
[2021.11.15-23.17.26:837][  0]LogPakFile: PakFile PrimaryIndexSize=189
[2021.11.15-23.17.26:837][  0]LogPakFile: PakFile PathHashIndexSize=101
[2021.11.15-23.17.26:837][  0]LogPakFile: PakFile FullDirectoryIndexSize=152
[2021.11.15-23.17.26:837][  0]LogShaderLibrary: Display: ShaderCodeLibraryPakFileMountedCallback: PakFile 'D:/EpicStoreLibrary/UE_4.27/FeaturePacks/FP_FirstPersonBP.upack' (chunk index -1, root 'root:/') mounted
[2021.11.15-23.17.26:837][  0]LogShaderLibrary: Display: ShaderCodeLibraryPakFileMountedCallback: pending pak file info (ChunkID:-1 Root:root:/ File:D:/EpicStoreLibrary/UE_4.27/FeaturePacks/FP_FirstPersonBP.upack)
[2021.11.15-23.17.26:837][  0]LogPakFile: OnPakFileMounted2Time == 0.000047
[2021.11.15-23.17.26:838][  0]LogPakFile: PakFile PrimaryIndexSize=191
[2021.11.15-23.17.26:838][  0]LogPakFile: PakFile PathHashIndexSize=101
[2021.11.15-23.17.26:838][  0]LogPakFile: PakFile FullDirectoryIndexSize=160
[2021.11.15-23.17.26:838][  0]LogShaderLibrary: Display: ShaderCodeLibraryPakFileMountedCallback: PakFile 'D:/EpicStoreLibrary/UE_4.27/FeaturePacks/MobileStarterContent.upack' (chunk index -1, root 'root:/') mounted
[2021.11.15-23.17.26:838][  0]LogShaderLibrary: Display: ShaderCodeLibraryPakFileMountedCallback: pending pak file info (ChunkID:-1 Root:root:/ File:D:/EpicStoreLibrary/UE_4.27/FeaturePacks/MobileStarterContent.upack)
[2021.11.15-23.17.26:838][  0]LogPakFile: OnPakFileMounted2Time == 0.000045
[2021.11.15-23.17.26:838][  0]LogPakFile: PakFile PrimaryIndexSize=185
[2021.11.15-23.17.26:839][  0]LogPakFile: PakFile PathHashIndexSize=101
[2021.11.15-23.17.26:839][  0]LogPakFile: PakFile FullDirectoryIndexSize=148
[2021.11.15-23.17.26:839][  0]LogShaderLibrary: Display: ShaderCodeLibraryPakFileMountedCallback: PakFile 'D:/EpicStoreLibrary/UE_4.27/FeaturePacks/StarterContent.upack' (chunk index -1, root 'root:/') mounted
[2021.11.15-23.17.26:839][  0]LogShaderLibrary: Display: ShaderCodeLibraryPakFileMountedCallback: pending pak file info (ChunkID:-1 Root:root:/ File:D:/EpicStoreLibrary/UE_4.27/FeaturePacks/StarterContent.upack)
[2021.11.15-23.17.26:839][  0]LogPakFile: OnPakFileMounted2Time == 0.000119
[2021.11.15-23.17.26:840][  0]LogPakFile: PakFile PrimaryIndexSize=190
[2021.11.15-23.17.26:840][  0]LogPakFile: PakFile PathHashIndexSize=101
[2021.11.15-23.17.26:840][  0]LogPakFile: PakFile FullDirectoryIndexSize=154
[2021.11.15-23.17.26:840][  0]LogShaderLibrary: Display: ShaderCodeLibraryPakFileMountedCallback: PakFile 'D:/EpicStoreLibrary/UE_4.27/FeaturePacks/TP_2DSideScroller.upack' (chunk index -1, root 'root:/') mounted
[2021.11.15-23.17.26:841][  0]LogShaderLibrary: Display: ShaderCodeLibraryPakFileMountedCallback: pending pak file info (ChunkID:-1 Root:root:/ File:D:/EpicStoreLibrary/UE_4.27/FeaturePacks/TP_2DSideScroller.upack)
[2021.11.15-23.17.26:841][  0]LogPakFile: OnPakFileMounted2Time == 0.000063
[2021.11.15-23.17.26:841][  0]LogPakFile: PakFile PrimaryIndexSize=192
[2021.11.15-23.17.26:841][  0]LogPakFile: PakFile PathHashIndexSize=101
[2021.11.15-23.17.26:841][  0]LogPakFile: PakFile FullDirectoryIndexSize=158
[2021.11.15-23.17.26:841][  0]LogShaderLibrary: Display: ShaderCodeLibraryPakFileMountedCallback: PakFile 'D:/EpicStoreLibrary/UE_4.27/FeaturePacks/TP_2DSideScrollerBP.upack' (chunk index -1, root 'root:/') mounted
[2021.11.15-23.17.26:841][  0]LogShaderLibrary: Display: ShaderCodeLibraryPakFileMountedCallback: pending pak file info (ChunkID:-1 Root:root:/ File:D:/EpicStoreLibrary/UE_4.27/FeaturePacks/TP_2DSideScrollerBP.upack)
[2021.11.15-23.17.26:841][  0]LogPakFile: OnPakFileMounted2Time == 0.000046
[2021.11.15-23.17.26:842][  0]LogPakFile: PakFile PrimaryIndexSize=182
[2021.11.15-23.17.26:842][  0]LogPakFile: PakFile PathHashIndexSize=101
[2021.11.15-23.17.26:842][  0]LogPakFile: PakFile FullDirectoryIndexSize=138
[2021.11.15-23.17.26:842][  0]LogShaderLibrary: Display: ShaderCodeLibraryPakFileMountedCallback: PakFile 'D:/EpicStoreLibrary/UE_4.27/FeaturePacks/TP_Flying.upack' (chunk index -1, root 'root:/') mounted
[2021.11.15-23.17.26:842][  0]LogShaderLibrary: Display: ShaderCodeLibraryPakFileMountedCallback: pending pak file info (ChunkID:-1 Root:root:/ File:D:/EpicStoreLibrary/UE_4.27/FeaturePacks/TP_Flying.upack)
[2021.11.15-23.17.26:842][  0]LogPakFile: OnPakFileMounted2Time == 0.000042
[2021.11.15-23.17.26:842][  0]LogPakFile: PakFile PrimaryIndexSize=184
[2021.11.15-23.17.26:842][  0]LogPakFile: PakFile PathHashIndexSize=101
[2021.11.15-23.17.26:842][  0]LogPakFile: PakFile FullDirectoryIndexSize=142
[2021.11.15-23.17.26:842][  0]LogShaderLibrary: Display: ShaderCodeLibraryPakFileMountedCallback: PakFile 'D:/EpicStoreLibrary/UE_4.27/FeaturePacks/TP_FlyingBP.upack' (chunk index -1, root 'root:/') mounted
[2021.11.15-23.17.26:842][  0]LogShaderLibrary: Display: ShaderCodeLibraryPakFileMountedCallback: pending pak file info (ChunkID:-1 Root:root:/ File:D:/EpicStoreLibrary/UE_4.27/FeaturePacks/TP_FlyingBP.upack)
[2021.11.15-23.17.26:842][  0]LogPakFile: OnPakFileMounted2Time == 0.000041
[2021.11.15-23.17.26:843][  0]LogPakFile: PakFile PrimaryIndexSize=188
[2021.11.15-23.17.26:843][  0]LogPakFile: PakFile PathHashIndexSize=101
[2021.11.15-23.17.26:843][  0]LogPakFile: PakFile FullDirectoryIndexSize=150
[2021.11.15-23.17.26:843][  0]LogShaderLibrary: Display: ShaderCodeLibraryPakFileMountedCallback: PakFile 'D:/EpicStoreLibrary/UE_4.27/FeaturePacks/TP_HandheldARBP.upack' (chunk index -1, root 'root:/') mounted
[2021.11.15-23.17.26:843][  0]LogShaderLibrary: Display: ShaderCodeLibraryPakFileMountedCallback: pending pak file info (ChunkID:-1 Root:root:/ File:D:/EpicStoreLibrary/UE_4.27/FeaturePacks/TP_HandheldARBP.upack)
[2021.11.15-23.17.26:843][  0]LogPakFile: OnPakFileMounted2Time == 0.000041
[2021.11.15-23.17.26:844][  0]LogPakFile: PakFile PrimaryIndexSize=182
[2021.11.15-23.17.26:844][  0]LogPakFile: PakFile PathHashIndexSize=101
[2021.11.15-23.17.26:844][  0]LogPakFile: PakFile FullDirectoryIndexSize=138
[2021.11.15-23.17.26:844][  0]LogShaderLibrary: Display: ShaderCodeLibraryPakFileMountedCallback: PakFile 'D:/EpicStoreLibrary/UE_4.27/FeaturePacks/TP_Puzzle.upack' (chunk index -1, root 'root:/') mounted
[2021.11.15-23.17.26:844][  0]LogShaderLibrary: Display: ShaderCodeLibraryPakFileMountedCallback: pending pak file info (ChunkID:-1 Root:root:/ File:D:/EpicStoreLibrary/UE_4.27/FeaturePacks/TP_Puzzle.upack)
[2021.11.15-23.17.26:844][  0]LogPakFile: OnPakFileMounted2Time == 0.000041
[2021.11.15-23.17.26:844][  0]LogPakFile: PakFile PrimaryIndexSize=184
[2021.11.15-23.17.26:844][  0]LogPakFile: PakFile PathHashIndexSize=101
[2021.11.15-23.17.26:844][  0]LogPakFile: PakFile FullDirectoryIndexSize=142
[2021.11.15-23.17.26:844][  0]LogShaderLibrary: Display: ShaderCodeLibraryPakFileMountedCallback: PakFile 'D:/EpicStoreLibrary/UE_4.27/FeaturePacks/TP_PuzzleBP.upack' (chunk index -1, root 'root:/') mounted
[2021.11.15-23.17.26:844][  0]LogShaderLibrary: Display: ShaderCodeLibraryPakFileMountedCallback: pending pak file info (ChunkID:-1 Root:root:/ File:D:/EpicStoreLibrary/UE_4.27/FeaturePacks/TP_PuzzleBP.upack)
[2021.11.15-23.17.26:844][  0]LogPakFile: OnPakFileMounted2Time == 0.000042
[2021.11.15-23.17.26:845][  0]LogPakFile: PakFile PrimaryIndexSize=183
[2021.11.15-23.17.26:845][  0]LogPakFile: PakFile PathHashIndexSize=101
[2021.11.15-23.17.26:845][  0]LogPakFile: PakFile FullDirectoryIndexSize=140
[2021.11.15-23.17.26:845][  0]LogShaderLibrary: Display: ShaderCodeLibraryPakFileMountedCallback: PakFile 'D:/EpicStoreLibrary/UE_4.27/FeaturePacks/TP_Rolling.upack' (chunk index -1, root 'root:/') mounted
[2021.11.15-23.17.26:845][  0]LogShaderLibrary: Display: ShaderCodeLibraryPakFileMountedCallback: pending pak file info (ChunkID:-1 Root:root:/ File:D:/EpicStoreLibrary/UE_4.27/FeaturePacks/TP_Rolling.upack)
[2021.11.15-23.17.26:845][  0]LogPakFile: OnPakFileMounted2Time == 0.000041
[2021.11.15-23.17.26:846][  0]LogPakFile: PakFile PrimaryIndexSize=185
[2021.11.15-23.17.26:846][  0]LogPakFile: PakFile PathHashIndexSize=101
[2021.11.15-23.17.26:846][  0]LogPakFile: PakFile FullDirectoryIndexSize=144
[2021.11.15-23.17.26:846][  0]LogShaderLibrary: Display: ShaderCodeLibraryPakFileMountedCallback: PakFile 'D:/EpicStoreLibrary/UE_4.27/FeaturePacks/TP_RollingBP.upack' (chunk index -1, root 'root:/') mounted
[2021.11.15-23.17.26:846][  0]LogShaderLibrary: Display: ShaderCodeLibraryPakFileMountedCallback: pending pak file info (ChunkID:-1 Root:root:/ File:D:/EpicStoreLibrary/UE_4.27/FeaturePacks/TP_RollingBP.upack)
[2021.11.15-23.17.26:846][  0]LogPakFile: OnPakFileMounted2Time == 0.000042
[2021.11.15-23.17.26:846][  0]LogPakFile: PakFile PrimaryIndexSize=188
[2021.11.15-23.17.26:846][  0]LogPakFile: PakFile PathHashIndexSize=101
[2021.11.15-23.17.26:846][  0]LogPakFile: PakFile FullDirectoryIndexSize=150
[2021.11.15-23.17.26:846][  0]LogShaderLibrary: Display: ShaderCodeLibraryPakFileMountedCallback: PakFile 'D:/EpicStoreLibrary/UE_4.27/FeaturePacks/TP_SideScroller.upack' (chunk index -1, root 'root:/') mounted
[2021.11.15-23.17.26:846][  0]LogShaderLibrary: Display: ShaderCodeLibraryPakFileMountedCallback: pending pak file info (ChunkID:-1 Root:root:/ File:D:/EpicStoreLibrary/UE_4.27/FeaturePacks/TP_SideScroller.upack)
[2021.11.15-23.17.26:846][  0]LogPakFile: OnPakFileMounted2Time == 0.000058
[2021.11.15-23.17.26:847][  0]LogPakFile: PakFile PrimaryIndexSize=190
[2021.11.15-23.17.26:847][  0]LogPakFile: PakFile PathHashIndexSize=101
[2021.11.15-23.17.26:847][  0]LogPakFile: PakFile FullDirectoryIndexSize=154
[2021.11.15-23.17.26:847][  0]LogShaderLibrary: Display: ShaderCodeLibraryPakFileMountedCallback: PakFile 'D:/EpicStoreLibrary/UE_4.27/FeaturePacks/TP_SideScrollerBP.upack' (chunk index -1, root 'root:/') mounted
[2021.11.15-23.17.26:847][  0]LogShaderLibrary: Display: ShaderCodeLibraryPakFileMountedCallback: pending pak file info (ChunkID:-1 Root:root:/ File:D:/EpicStoreLibrary/UE_4.27/FeaturePacks/TP_SideScrollerBP.upack)
[2021.11.15-23.17.26:847][  0]LogPakFile: OnPakFileMounted2Time == 0.000043
[2021.11.15-23.17.26:848][  0]LogPakFile: PakFile PrimaryIndexSize=187
[2021.11.15-23.17.26:848][  0]LogPakFile: PakFile PathHashIndexSize=101
[2021.11.15-23.17.26:848][  0]LogPakFile: PakFile FullDirectoryIndexSize=148
[2021.11.15-23.17.26:848][  0]LogShaderLibrary: Display: ShaderCodeLibraryPakFileMountedCallback: PakFile 'D:/EpicStoreLibrary/UE_4.27/FeaturePacks/TP_ThirdPerson.upack' (chunk index -1, root 'root:/') mounted
[2021.11.15-23.17.26:848][  0]LogShaderLibrary: Display: ShaderCodeLibraryPakFileMountedCallback: pending pak file info (ChunkID:-1 Root:root:/ File:D:/EpicStoreLibrary/UE_4.27/FeaturePacks/TP_ThirdPerson.upack)
[2021.11.15-23.17.26:848][  0]LogPakFile: OnPakFileMounted2Time == 0.000042
[2021.11.15-23.17.26:848][  0]LogPakFile: PakFile PrimaryIndexSize=189
[2021.11.15-23.17.26:848][  0]LogPakFile: PakFile PathHashIndexSize=101
[2021.11.15-23.17.26:848][  0]LogPakFile: PakFile FullDirectoryIndexSize=152
[2021.11.15-23.17.26:848][  0]LogShaderLibrary: Display: ShaderCodeLibraryPakFileMountedCallback: PakFile 'D:/EpicStoreLibrary/UE_4.27/FeaturePacks/TP_ThirdPersonBP.upack' (chunk index -1, root 'root:/') mounted
[2021.11.15-23.17.26:848][  0]LogShaderLibrary: Display: ShaderCodeLibraryPakFileMountedCallback: pending pak file info (ChunkID:-1 Root:root:/ File:D:/EpicStoreLibrary/UE_4.27/FeaturePacks/TP_ThirdPersonBP.upack)
[2021.11.15-23.17.26:848][  0]LogPakFile: OnPakFileMounted2Time == 0.000041
[2021.11.15-23.17.26:849][  0]LogPakFile: PakFile PrimaryIndexSize=183
[2021.11.15-23.17.26:849][  0]LogPakFile: PakFile PathHashIndexSize=101
[2021.11.15-23.17.26:849][  0]LogPakFile: PakFile FullDirectoryIndexSize=140
[2021.11.15-23.17.26:849][  0]LogShaderLibrary: Display: ShaderCodeLibraryPakFileMountedCallback: PakFile 'D:/EpicStoreLibrary/UE_4.27/FeaturePacks/TP_TopDown.upack' (chunk index -1, root 'root:/') mounted
[2021.11.15-23.17.26:849][  0]LogShaderLibrary: Display: ShaderCodeLibraryPakFileMountedCallback: pending pak file info (ChunkID:-1 Root:root:/ File:D:/EpicStoreLibrary/UE_4.27/FeaturePacks/TP_TopDown.upack)
[2021.11.15-23.17.26:849][  0]LogPakFile: OnPakFileMounted2Time == 0.000048
[2021.11.15-23.17.26:849][  0]LogPakFile: PakFile PrimaryIndexSize=185
[2021.11.15-23.17.26:849][  0]LogPakFile: PakFile PathHashIndexSize=101
[2021.11.15-23.17.26:849][  0]LogPakFile: PakFile FullDirectoryIndexSize=144
[2021.11.15-23.17.26:849][  0]LogShaderLibrary: Display: ShaderCodeLibraryPakFileMountedCallback: PakFile 'D:/EpicStoreLibrary/UE_4.27/FeaturePacks/TP_TopDownBP.upack' (chunk index -1, root 'root:/') mounted
[2021.11.15-23.17.26:850][  0]LogShaderLibrary: Display: ShaderCodeLibraryPakFileMountedCallback: pending pak file info (ChunkID:-1 Root:root:/ File:D:/EpicStoreLibrary/UE_4.27/FeaturePacks/TP_TopDownBP.upack)
[2021.11.15-23.17.26:850][  0]LogPakFile: OnPakFileMounted2Time == 0.000049
[2021.11.15-23.17.26:850][  0]LogPakFile: PakFile PrimaryIndexSize=185
[2021.11.15-23.17.26:850][  0]LogPakFile: PakFile PathHashIndexSize=101
[2021.11.15-23.17.26:850][  0]LogPakFile: PakFile FullDirectoryIndexSize=144
[2021.11.15-23.17.26:850][  0]LogShaderLibrary: Display: ShaderCodeLibraryPakFileMountedCallback: PakFile 'D:/EpicStoreLibrary/UE_4.27/FeaturePacks/TP_TwinStick.upack' (chunk index -1, root 'root:/') mounted
[2021.11.15-23.17.26:850][  0]LogShaderLibrary: Display: ShaderCodeLibraryPakFileMountedCallback: pending pak file info (ChunkID:-1 Root:root:/ File:D:/EpicStoreLibrary/UE_4.27/FeaturePacks/TP_TwinStick.upack)
[2021.11.15-23.17.26:850][  0]LogPakFile: OnPakFileMounted2Time == 0.000041
[2021.11.15-23.17.26:851][  0]LogPakFile: PakFile PrimaryIndexSize=187
[2021.11.15-23.17.26:851][  0]LogPakFile: PakFile PathHashIndexSize=101
[2021.11.15-23.17.26:851][  0]LogPakFile: PakFile FullDirectoryIndexSize=148
[2021.11.15-23.17.26:851][  0]LogShaderLibrary: Display: ShaderCodeLibraryPakFileMountedCallback: PakFile 'D:/EpicStoreLibrary/UE_4.27/FeaturePacks/TP_TwinStickBP.upack' (chunk index -1, root 'root:/') mounted
[2021.11.15-23.17.26:851][  0]LogShaderLibrary: Display: ShaderCodeLibraryPakFileMountedCallback: pending pak file info (ChunkID:-1 Root:root:/ File:D:/EpicStoreLibrary/UE_4.27/FeaturePacks/TP_TwinStickBP.upack)
[2021.11.15-23.17.26:851][  0]LogPakFile: OnPakFileMounted2Time == 0.000041
[2021.11.15-23.17.26:851][  0]LogPakFile: PakFile PrimaryIndexSize=183
[2021.11.15-23.17.26:851][  0]LogPakFile: PakFile PathHashIndexSize=101
[2021.11.15-23.17.26:851][  0]LogPakFile: PakFile FullDirectoryIndexSize=140
[2021.11.15-23.17.26:851][  0]LogShaderLibrary: Display: ShaderCodeLibraryPakFileMountedCallback: PakFile 'D:/EpicStoreLibrary/UE_4.27/FeaturePacks/TP_Vehicle.upack' (chunk index -1, root 'root:/') mounted
[2021.11.15-23.17.26:851][  0]LogShaderLibrary: Display: ShaderCodeLibraryPakFileMountedCallback: pending pak file info (ChunkID:-1 Root:root:/ File:D:/EpicStoreLibrary/UE_4.27/FeaturePacks/TP_Vehicle.upack)
[2021.11.15-23.17.26:851][  0]LogPakFile: OnPakFileMounted2Time == 0.000046
[2021.11.15-23.17.26:852][  0]LogPakFile: PakFile PrimaryIndexSize=186
[2021.11.15-23.17.26:852][  0]LogPakFile: PakFile PathHashIndexSize=101
[2021.11.15-23.17.26:852][  0]LogPakFile: PakFile FullDirectoryIndexSize=146
[2021.11.15-23.17.26:852][  0]LogShaderLibrary: Display: ShaderCodeLibraryPakFileMountedCallback: PakFile 'D:/EpicStoreLibrary/UE_4.27/FeaturePacks/TP_VehicleAdv.upack' (chunk index -1, root 'root:/') mounted
[2021.11.15-23.17.26:852][  0]LogShaderLibrary: Display: ShaderCodeLibraryPakFileMountedCallback: pending pak file info (ChunkID:-1 Root:root:/ File:D:/EpicStoreLibrary/UE_4.27/FeaturePacks/TP_VehicleAdv.upack)
[2021.11.15-23.17.26:852][  0]LogPakFile: OnPakFileMounted2Time == 0.000042
[2021.11.15-23.17.26:852][  0]LogPakFile: PakFile PrimaryIndexSize=188
[2021.11.15-23.17.26:852][  0]LogPakFile: PakFile PathHashIndexSize=101
[2021.11.15-23.17.26:852][  0]LogPakFile: PakFile FullDirectoryIndexSize=150
[2021.11.15-23.17.26:853][  0]LogShaderLibrary: Display: ShaderCodeLibraryPakFileMountedCallback: PakFile 'D:/EpicStoreLibrary/UE_4.27/FeaturePacks/TP_VehicleAdvBP.upack' (chunk index -1, root 'root:/') mounted
[2021.11.15-23.17.26:853][  0]LogShaderLibrary: Display: ShaderCodeLibraryPakFileMountedCallback: pending pak file info (ChunkID:-1 Root:root:/ File:D:/EpicStoreLibrary/UE_4.27/FeaturePacks/TP_VehicleAdvBP.upack)
[2021.11.15-23.17.26:853][  0]LogPakFile: OnPakFileMounted2Time == 0.000042
[2021.11.15-23.17.26:853][  0]LogPakFile: PakFile PrimaryIndexSize=185
[2021.11.15-23.17.26:853][  0]LogPakFile: PakFile PathHashIndexSize=101
[2021.11.15-23.17.26:853][  0]LogPakFile: PakFile FullDirectoryIndexSize=144
[2021.11.15-23.17.26:853][  0]LogShaderLibrary: Display: ShaderCodeLibraryPakFileMountedCallback: PakFile 'D:/EpicStoreLibrary/UE_4.27/FeaturePacks/TP_VehicleBP.upack' (chunk index -1, root 'root:/') mounted
[2021.11.15-23.17.26:853][  0]LogShaderLibrary: Display: ShaderCodeLibraryPakFileMountedCallback: pending pak file info (ChunkID:-1 Root:root:/ File:D:/EpicStoreLibrary/UE_4.27/FeaturePacks/TP_VehicleBP.upack)
[2021.11.15-23.17.26:853][  0]LogPakFile: OnPakFileMounted2Time == 0.000044
[2021.11.15-23.17.26:854][  0]LogPakFile: PakFile PrimaryIndexSize=192
[2021.11.15-23.17.26:854][  0]LogPakFile: PakFile PathHashIndexSize=101
[2021.11.15-23.17.26:854][  0]LogPakFile: PakFile FullDirectoryIndexSize=158
[2021.11.15-23.17.26:854][  0]LogShaderLibrary: Display: ShaderCodeLibraryPakFileMountedCallback: PakFile 'D:/EpicStoreLibrary/UE_4.27/FeaturePacks/TP_VirtualRealityBP.upack' (chunk index -1, root 'root:/') mounted
[2021.11.15-23.17.26:854][  0]LogShaderLibrary: Display: ShaderCodeLibraryPakFileMountedCallback: pending pak file info (ChunkID:-1 Root:root:/ File:D:/EpicStoreLibrary/UE_4.27/FeaturePacks/TP_VirtualRealityBP.upack)
[2021.11.15-23.17.26:854][  0]LogPakFile: OnPakFileMounted2Time == 0.000043
[2021.11.15-23.17.27:070][  0]LogNativeClassHierarchy: Verbose: Native class hierarchy updated for 'AddContentDialog' in 0.0003 seconds. Added 0 classes and 0 folders.
[2021.11.15-23.17.27:145][  0]LogSlate: Took 0.000264 seconds to synchronously load lazily loaded font '../../../Engine/Content/Slate/Fonts/Roboto-Regular.ttf' (155K)
[2021.11.15-23.17.27:151][  0]LogSlate: Took 0.000395 seconds to synchronously load lazily loaded font '../../../Engine/Content/Editor/Slate/Fonts/FontAwesome.ttf' (139K)
[2021.11.15-23.17.27:158][  0]LogSlate: Took 0.000182 seconds to synchronously load lazily loaded font '../../../Engine/Content/Slate/Fonts/Roboto-Bold.ttf' (160K)
[2021.11.15-23.17.27:274][  0]LogRenderer: Reallocating scene render targets to support 940x472 Format 10 NumSamples 1 (Frame:1).
[2021.11.15-23.17.27:902][  0]LogSlate: Took 0.000222 seconds to synchronously load lazily loaded font '../../../Engine/Content/Slate/Fonts/Roboto-Light.ttf' (167K)
[2021.11.15-23.17.27:995][  0]LogNativeClassHierarchy: Verbose: Native class hierarchy updated for 'HierarchicalLODOutliner' in 0.0003 seconds. Added 0 classes and 0 folders.
[2021.11.15-23.17.27:995][  0]LogLoad: (Engine Initialization) Total time: 9.59 seconds
[2021.11.15-23.17.27:995][  0]LogLoad: (Engine Initialization) Total Blueprint compile time: 0.00 seconds
[2021.11.15-23.17.28:033][  0]LogContentStreaming: Texture pool size now 1000 MB
[2021.11.15-23.17.28:037][  0]LogSlate: Took 0.002161 seconds to synchronously load lazily loaded font '../../../Engine/Content/Slate/Fonts/DroidSansFallback.ttf' (3848K)
[2021.11.15-23.17.29:039][ 56]LogSlate: Took 0.000960 seconds to synchronously load lazily loaded font '../../../Engine/Content/Slate/Fonts/Roboto-Light.ttf' (167K)
[2021.11.15-23.17.39:102][644]LogAssetRegistry: Asset discovery search completed in 17.2942 seconds
[2021.11.15-23.17.39:116][644]LogCollectionManager: Fixed up redirectors for 0 collections in 0.000001 seconds (updated 0 objects)
[2021.11.15-23.17.40:141][703]LogUObjectHash: Compacting FUObjectHashTables data took   0.90ms
[2021.11.15-23.17.40:211][703]LogLinker: Warning: [AssetLog] D:\_Game_projects\Unreal\HeritageGJ2021\StarRiteGame_V0\Content\Dev\Caleb\Detection\BP_InteracibleItems.uasset: Failed to load '/Game/Graph/Mesh/Player/Player': Can't find file.
[2021.11.15-23.17.40:211][703]LoadErrors: Failed to load /Game/Graph/Mesh/Player/Player.Player Referenced by Player_GEN_VARIABLE
[2021.11.15-23.17.40:212][703]LogLinker: Warning: [AssetLog] D:\_Game_projects\Unreal\HeritageGJ2021\StarRiteGame_V0\Content\Dev\Caleb\Detection\BP_InteracibleItems.uasset: Failed to load '/Game/Graph/Mesh/Player/Player': Can't find file.
[2021.11.15-23.17.40:246][703]LogLinker: Warning: [AssetLog] D:\_Game_projects\Unreal\HeritageGJ2021\StarRiteGame_V0\Content\Dev\Caleb\Detection\BP_InteracibleItems.uasset: Failed to load '/Game/Graph/Mesh/Player/Player': Can't find file.
[2021.11.15-23.17.40:246][703]LogLinker: Warning: [AssetLog] D:\_Game_projects\Unreal\HeritageGJ2021\StarRiteGame_V0\Content\Dev\Caleb\Detection\BP_InteracibleItems.uasset: Failed to load '/Game/Graph/Mesh/Player/Player': Can't find file.
[2021.11.15-23.17.40:330][703]LogLinker: Warning: [AssetLog] D:\_Game_projects\Unreal\HeritageGJ2021\StarRiteGame_V0\Content\UnrealContent\ThirdPersonBP\Blueprints\ThirdPersonCharacter.uasset: Failed to load '/Game/Graph/Mesh/Player/Player': Can't find file.
[2021.11.15-23.17.40:331][703]LogLinker: Warning: [AssetLog] D:\_Game_projects\Unreal\HeritageGJ2021\StarRiteGame_V0\Content\UnrealContent\ThirdPersonBP\Blueprints\ThirdPersonCharacter.uasset: Failed to load '/Game/Graph/Mesh/Player/Player': Can't find file.
[2021.11.15-23.17.40:337][703]LogLinker: Warning: [AssetLog] D:\_Game_projects\Unreal\HeritageGJ2021\StarRiteGame_V0\Content\Dev\Caleb\Detection\BP_Pot.uasset: Failed to load '/Game/Dev/Caleb/Detection/BP_Yam': Can't find file.
[2021.11.15-23.17.40:338][703]LogLinker: Warning: [AssetLog] D:\_Game_projects\Unreal\HeritageGJ2021\StarRiteGame_V0\Content\Dev\Caleb\Detection\BP_Pot.uasset: Failed to load '/Game/Dev/Caleb/Detection/BP_Yam': Can't find file.
[2021.11.15-23.17.40:348][703]LogLinker: Warning: [AssetLog] D:\_Game_projects\Unreal\HeritageGJ2021\StarRiteGame_V0\Content\Dev\Caleb\Detection\BP_Pot.uasset: Failed to load '/Game/Dev/Caleb/Detection/BP_Yam': Can't find file.
[2021.11.15-23.17.40:349][703]LogLinker: Warning: [AssetLog] D:\_Game_projects\Unreal\HeritageGJ2021\StarRiteGame_V0\Content\Maps\LV_World.umap: Failed to load '/Game/Dev/Caleb/Detection/BP_Yam': Can't find file.
[2021.11.15-23.17.40:349][703]LogLinker: Warning: [AssetLog] D:\_Game_projects\Unreal\HeritageGJ2021\StarRiteGame_V0\Content\Maps\LV_World.umap: Failed to load '/Game/Dev/Caleb/Detection/BP_Yam': Can't find file.
[2021.11.15-23.17.40:353][703]LogLinker: Warning: [AssetLog] D:\_Game_projects\Unreal\HeritageGJ2021\StarRiteGame_V0\Content\Maps\LV_World.umap: Failed to load '/Game/Dev/Caleb/Detection/BP_Yam': Can't find file.
[2021.11.15-23.17.40:353][703]LoadErrors: Failed to load /Game/Dev/Caleb/Detection/BP_Yam.BP_Yam_C Referenced by K2Node_CallFunction_39
[2021.11.15-23.17.40:366][703]LogLinker: Warning: [AssetLog] D:\_Game_projects\Unreal\HeritageGJ2021\StarRiteGame_V0\Content\Maps\LV_World.umap: Failed to load '/Game/Dev/Caleb/Detection/BP_Yam': Can't find file.
[2021.11.15-23.17.40:366][703]LogLinker: Warning: [AssetLog] D:\_Game_projects\Unreal\HeritageGJ2021\StarRiteGame_V0\Content\Maps\LV_World.umap: Failed to load '/Game/Dev/Caleb/Detection/BP_Yam': Can't find file.
[2021.11.15-23.17.40:368][703]LogLinker: Warning: [AssetLog] D:\_Game_projects\Unreal\HeritageGJ2021\StarRiteGame_V0\Content\Maps\LV_World.umap: Failed to load '/Game/Dev/Caleb/Detection/BP_Yam': Can't find file.
[2021.11.15-23.17.40:380][703]LogLinker: Warning: [AssetLog] D:\_Game_projects\Unreal\HeritageGJ2021\StarRiteGame_V0\Content\Maps\LV_World.umap: Failed to load '/Game/Dev/Caleb/Detection/BP_Yam': Can't find file.
[2021.11.15-23.17.40:380][703]LogLinker: Warning: [AssetLog] D:\_Game_projects\Unreal\HeritageGJ2021\StarRiteGame_V0\Content\Maps\LV_World.umap: Failed to load '/Game/Dev/Caleb/Detection/BP_Yam': Can't find file.
[2021.11.15-23.17.40:383][703]LogLinker: Warning: Failed to load '/Game/Dev/Caleb/Detection/BP_Yam': Can't find file.
[2021.11.15-23.17.40:383][703]LogLinker: Warning: Failed to load '/Game/Dev/Caleb/Detection/BP_Yam': Can't find file.
[2021.11.15-23.17.40:383][703]LogLinker: Warning: Failed to load '/Game/Dev/Caleb/Detection/BP_Yam': Can't find file.
[2021.11.15-23.17.40:383][703]LogLinker: Warning: Failed to load '/Game/Dev/Caleb/Detection/BP_Yam': Can't find file.
[2021.11.15-23.17.40:514][703]LogAssetEditorSubsystem: Opening Asset editor for World /Game/Maps/LV_World.LV_World
[2021.11.15-23.17.40:514][703]Cmd: MAP LOAD FILE="../../../../../_Game_projects/Unreal/HeritageGJ2021/StarRiteGame_V0/Content/Maps/LV_World.umap" TEMPLATE=0 SHOWPROGRESS=1 FEATURELEVEL=3
[2021.11.15-23.17.40:514][703]LightingResults: New page: Lighting Build
[2021.11.15-23.17.40:515][703]LogNativeClassHierarchy: Verbose: Native class hierarchy updated for 'StatsViewer' in 0.0003 seconds. Added 6 classes and 0 folders.
[2021.11.15-23.17.40:515][703]LoadErrors: New page: Loading map: LV_World.umap
[2021.11.15-23.17.40:516][703]LogWorld: UWorld::CleanupWorld for Untitled, bSessionEnded=true, bCleanupResources=true
[2021.11.15-23.17.40:516][703]LogSlate: InvalidateAllWidgets triggered.  All widgets were invalidated
[2021.11.15-23.17.40:516][703]MapCheck: New page: Map Check
[2021.11.15-23.17.40:516][703]LightingResults: New page: Lighting Build
[2021.11.15-23.17.40:523][703]LogAudio: Display: Audio Device unregistered from world 'None'.
[2021.11.15-23.17.40:528][703]LogUObjectHash: Compacting FUObjectHashTables data took   2.09ms
[2021.11.15-23.17.40:529][703]LogAudio: Display: Audio Device (ID: 1) registered with world 'LV_World'.
[2021.11.15-23.17.40:590][703]LogEditorServer: Finished looking for orphan Actors (0.000 secs)
[2021.11.15-23.17.40:590][703]LogAIModule: Creating AISystem for world LV_World
[2021.11.15-23.17.40:601][703]LogUObjectHash: Compacting FUObjectHashTables data took   0.92ms
[2021.11.15-23.17.40:607][703]Cmd: MAP CHECKDEP NOCLEARLOG
[2021.11.15-23.17.40:607][703]MapCheck: Map check complete: 0 Error(s), 0 Warning(s), took 0,086ms to complete.
[2021.11.15-23.17.40:608][703]LogFileHelpers: Loading map 'LV_World' took 0.094
[2021.11.15-23.17.40:624][703]LoadErrors: Warning: CreateExport: Failed to load Outer for resource 'Capsule': BP_Yam_C /Game/Maps/LV_World.LV_World:PersistentLevel.BP_Yam2
[2021.11.15-23.17.40:624][703]LoadErrors: Warning: CreateExport: Failed to load Outer for resource 'Capsule': BP_Yam_C /Game/Maps/LV_World.LV_World:PersistentLevel.BP_Yam_2
[2021.11.15-23.17.40:624][703]LoadErrors: Warning: CreateExport: Failed to load Outer for resource 'DefaultSceneRoot': BP_Yam_C /Game/Maps/LV_World.LV_World:PersistentLevel.BP_Yam2
[2021.11.15-23.17.40:624][703]LoadErrors: Warning: CreateExport: Failed to load Outer for resource 'DefaultSceneRoot': BP_Yam_C /Game/Maps/LV_World.LV_World:PersistentLevel.BP_Yam_2
[2021.11.15-23.17.40:624][703]LoadErrors: Warning: CreateExport: Failed to load Outer for resource 'Cone': BP_Yam_C /Game/Maps/LV_World.LV_World:PersistentLevel.BP_Yam2
[2021.11.15-23.17.40:624][703]LoadErrors: Warning: CreateExport: Failed to load Outer for resource 'Cone': BP_Yam_C /Game/Maps/LV_World.LV_World:PersistentLevel.BP_Yam_2
[2021.11.15-23.17.46:451][ 25]LogEditorViewport: Clicking on Actor (LMB): Landscape (Landscape)
[2021.11.15-23.17.57:729][595]LogAssetEditorSubsystem: Opening Asset editor for Blueprint /Game/Dev/Caleb/Detection/BP_CampFire.BP_CampFire
[2021.11.15-23.17.57:928][595]LogNativeClassHierarchy: Verbose: Native class hierarchy updated for 'BlueprintGraph' in 0.0005 seconds. Added 126 classes and 0 folders.
[2021.11.15-23.17.58:871][595]LogSlate: Took 0.000199 seconds to synchronously load lazily loaded font '../../../Engine/Content/Slate/Fonts/Roboto-BoldCondensed.ttf' (158K)
[2021.11.15-23.17.58:910][596]LogSlate: Took 0.000246 seconds to synchronously load lazily loaded font '../../../Engine/Content/Slate/Fonts/Roboto-Italic.ttf' (157K)
[2021.11.15-23.21.04:095][288]LogUdpMessaging: Warning: UDP messaging encountered an error. Auto repair routine started for reinitialization
